[f1tenth] datasets=['cap10_full']  ep=40(완주 30/충돌 10)  transitions=102246  obs_dim=133  act_dim=2  terminals=10
           harmonize→v_common=20.0 (수집 v_max={'cap10_full': 10.0})
           steer[min,max]=[-1.000,1.000]  speed[min,max]=[-0.938,0.200]  reward[min,mean,max]=[-50.00,0.256,100.34]
[norm] mean/std 계산·저장 → runs/d2_iql_cap10/obs_norm.npz
Dataset size: 102246
--- IQL 학습 시작: datasets=['cap10_full'] N=102246 obs=133 act=2 γ=0.999 β=3.0 τ=0.7 actor=gauss dev=cuda steps[0→300000] ---
[step     1000] value_loss=0.0003  q_loss=0.0984  actor_loss=1.3340  (149 it/s)
[step     2000] value_loss=0.0005  q_loss=0.0711  actor_loss=0.8775  (120 it/s)
[step     3000] value_loss=0.0010  q_loss=0.1614  actor_loss=0.3937  (123 it/s)
[step     4000] value_loss=0.0028  q_loss=0.3024  actor_loss=0.0976  (118 it/s)
[step     5000] value_loss=0.0038  q_loss=0.2197  actor_loss=-0.0636  (122 it/s)
[step     6000] value_loss=0.0072  q_loss=0.2475  actor_loss=-0.4087  (124 it/s)
[step     7000] value_loss=0.0147  q_loss=0.3179  actor_loss=-0.8367  (124 it/s)
[step     8000] value_loss=0.0119  q_loss=39.5836  actor_loss=-0.9900  (120 it/s)
[step     9000] value_loss=0.0173  q_loss=0.5017  actor_loss=-1.1159  (122 it/s)
[step    10000] value_loss=0.0254  q_loss=0.5550  actor_loss=-1.3521  (119 it/s)
[step    11000] value_loss=0.0271  q_loss=0.5978  actor_loss=-1.7443  (124 it/s)
[step    12000] value_loss=0.0212  q_loss=1.0363  actor_loss=-1.4250  (126 it/s)
[step    13000] value_loss=0.0241  q_loss=0.9706  actor_loss=-1.6217  (128 it/s)
[step    14000] value_loss=0.0332  q_loss=0.8521  actor_loss=-1.2675  (117 it/s)
[step    15000] value_loss=0.0756  q_loss=0.8082  actor_loss=-0.8589  (121 it/s)
[step    16000] value_loss=0.0613  q_loss=0.8995  actor_loss=-1.4132  (116 it/s)
[step    17000] value_loss=0.0310  q_loss=0.6438  actor_loss=-1.4158  (120 it/s)
[step    18000] value_loss=1.6296  q_loss=3.9170  actor_loss=-1.9811  (119 it/s)
[step    19000] value_loss=0.0491  q_loss=1.6295  actor_loss=-1.6916  (117 it/s)
[step    20000] value_loss=0.0564  q_loss=16.8582  actor_loss=-1.3380  (117 it/s)
[step    21000] value_loss=0.1083  q_loss=24.7783  actor_loss=-2.2285  (125 it/s)
[step    22000] value_loss=0.0797  q_loss=1.9400  actor_loss=-2.0268  (124 it/s)
[step    23000] value_loss=0.0728  q_loss=1.0497  actor_loss=-4.5237  (125 it/s)
[step    24000] value_loss=0.1077  q_loss=40.2156  actor_loss=-1.1472  (119 it/s)
[step    25000] value_loss=0.1107  q_loss=38.0818  actor_loss=-2.3995  (115 it/s)
[step    26000] value_loss=0.2197  q_loss=31.3694  actor_loss=-3.1141  (117 it/s)
[step    27000] value_loss=0.1262  q_loss=1.8322  actor_loss=-2.4231  (119 it/s)
[step    28000] value_loss=0.0822  q_loss=2.0635  actor_loss=-2.0862  (111 it/s)
[step    29000] value_loss=0.1144  q_loss=1.4906  actor_loss=-4.0367  (111 it/s)
[step    30000] value_loss=0.0952  q_loss=1.6341  actor_loss=-4.1231  (119 it/s)
[step    31000] value_loss=0.1408  q_loss=4.1293  actor_loss=-0.8572  (115 it/s)
[step    32000] value_loss=0.0735  q_loss=2.5032  actor_loss=-2.6296  (114 it/s)
[step    33000] value_loss=0.1333  q_loss=2.7543  actor_loss=-2.3749  (116 it/s)
[step    34000] value_loss=0.1372  q_loss=2.6855  actor_loss=-3.9368  (114 it/s)
[step    35000] value_loss=0.1265  q_loss=2.6761  actor_loss=-3.1076  (117 it/s)
[step    36000] value_loss=0.1537  q_loss=3.0849  actor_loss=-5.3024  (115 it/s)
[step    37000] value_loss=0.1628  q_loss=3.3701  actor_loss=-3.9739  (112 it/s)
[step    38000] value_loss=0.1572  q_loss=2.7678  actor_loss=-4.8438  (115 it/s)
[step    39000] value_loss=0.3218  q_loss=42.7423  actor_loss=-6.3517  (119 it/s)
[step    40000] value_loss=0.1594  q_loss=2.7686  actor_loss=-5.1493  (112 it/s)
[step    41000] value_loss=0.2185  q_loss=3.4229  actor_loss=-10.4887  (113 it/s)
[step    42000] value_loss=0.2192  q_loss=3.1800  actor_loss=-8.6738  (115 it/s)
[step    43000] value_loss=0.2149  q_loss=71.2471  actor_loss=-5.8601  (112 it/s)
[step    44000] value_loss=0.2241  q_loss=4.6873  actor_loss=-1.6905  (117 it/s)
[step    45000] value_loss=0.3614  q_loss=4.1506  actor_loss=-4.6396  (115 it/s)
[step    46000] value_loss=0.2898  q_loss=3.5845  actor_loss=-9.9183  (114 it/s)
[step    47000] value_loss=0.1946  q_loss=4.0620  actor_loss=-1.8417  (115 it/s)
[step    48000] value_loss=0.2178  q_loss=4.3316  actor_loss=-3.4484  (111 it/s)
[step    49000] value_loss=0.3290  q_loss=3.7901  actor_loss=-3.7716  (114 it/s)
[step    50000] value_loss=0.2431  q_loss=4.6857  actor_loss=-7.6814  (116 it/s)
[step    51000] value_loss=0.2185  q_loss=41.1406  actor_loss=-5.9739  (139 it/s)
[step    52000] value_loss=0.3112  q_loss=3.9012  actor_loss=-6.3433  (122 it/s)
[step    53000] value_loss=0.2293  q_loss=4.0505  actor_loss=-7.6934  (117 it/s)
[step    54000] value_loss=0.3592  q_loss=3.9083  actor_loss=-10.5720  (124 it/s)
[step    55000] value_loss=0.2003  q_loss=2.8494  actor_loss=-3.8920  (121 it/s)
[step    56000] value_loss=0.3047  q_loss=5.0858  actor_loss=-7.1533  (122 it/s)
[step    57000] value_loss=0.2231  q_loss=4.2419  actor_loss=-9.1644  (129 it/s)
[step    58000] value_loss=0.2442  q_loss=3.8511  actor_loss=-7.4009  (118 it/s)
[step    59000] value_loss=0.2742  q_loss=5.2203  actor_loss=-1.4284  (119 it/s)
[step    60000] value_loss=0.2906  q_loss=4.4794  actor_loss=-6.7929  (126 it/s)
[step    61000] value_loss=0.3734  q_loss=40.1867  actor_loss=-8.8594  (115 it/s)
[step    62000] value_loss=0.3798  q_loss=5.8697  actor_loss=-7.2369  (117 it/s)
[step    63000] value_loss=0.3001  q_loss=4.2083  actor_loss=-11.5585  (117 it/s)
[step    64000] value_loss=0.3070  q_loss=3.4674  actor_loss=-6.9865  (123 it/s)
[step    65000] value_loss=0.3890  q_loss=5.9557  actor_loss=-5.8656  (117 it/s)
[step    66000] value_loss=0.9311  q_loss=16.4472  actor_loss=-12.5981  (119 it/s)
[step    67000] value_loss=0.2789  q_loss=31.1941  actor_loss=-10.1653  (123 it/s)
[step    68000] value_loss=0.3323  q_loss=3.8819  actor_loss=-10.0870  (125 it/s)
[step    69000] value_loss=0.8706  q_loss=5.0278  actor_loss=-8.2216  (126 it/s)
[step    70000] value_loss=0.4367  q_loss=3.9216  actor_loss=-9.1875  (115 it/s)
[step    71000] value_loss=0.5581  q_loss=4.0997  actor_loss=-6.1463  (126 it/s)
[step    72000] value_loss=0.4563  q_loss=4.6992  actor_loss=-5.8367  (117 it/s)
[step    73000] value_loss=0.3715  q_loss=5.5314  actor_loss=-2.0777  (119 it/s)
[step    74000] value_loss=0.4475  q_loss=6.0242  actor_loss=-12.8265  (116 it/s)
[step    75000] value_loss=0.3972  q_loss=4.5520  actor_loss=-11.7752  (115 it/s)
[step    76000] value_loss=0.3666  q_loss=3.6265  actor_loss=-7.4091  (118 it/s)
[step    77000] value_loss=0.5106  q_loss=3.9726  actor_loss=-8.0352  (123 it/s)
[step    78000] value_loss=0.3373  q_loss=5.5871  actor_loss=-7.0558  (125 it/s)
[step    79000] value_loss=0.2922  q_loss=4.0887  actor_loss=-8.1964  (116 it/s)
[step    80000] value_loss=0.4085  q_loss=4.4804  actor_loss=-7.6090  (124 it/s)
[step    81000] value_loss=0.4752  q_loss=6.2138  actor_loss=-15.6513  (127 it/s)
[step    82000] value_loss=0.5665  q_loss=42.4017  actor_loss=-9.3912  (120 it/s)
[step    83000] value_loss=0.6132  q_loss=5.1387  actor_loss=-18.3018  (112 it/s)
[step    84000] value_loss=0.4701  q_loss=30.5885  actor_loss=-14.8220  (109 it/s)
[step    85000] value_loss=0.5702  q_loss=30.3089  actor_loss=-11.4587  (119 it/s)
[step    86000] value_loss=0.3540  q_loss=5.5165  actor_loss=-14.3268  (120 it/s)
[step    87000] value_loss=0.6428  q_loss=5.8245  actor_loss=-10.4765  (110 it/s)
[step    88000] value_loss=0.5484  q_loss=37.0016  actor_loss=-14.8347  (116 it/s)
[step    89000] value_loss=0.8008  q_loss=5.3176  actor_loss=-14.1420  (122 it/s)
[step    90000] value_loss=0.4672  q_loss=4.6723  actor_loss=-17.5192  (117 it/s)
[step    91000] value_loss=0.4105  q_loss=4.5709  actor_loss=-9.7186  (121 it/s)
[step    92000] value_loss=0.9375  q_loss=6.9735  actor_loss=-5.3014  (113 it/s)
[step    93000] value_loss=0.4097  q_loss=5.4777  actor_loss=-14.5006  (118 it/s)
[step    94000] value_loss=0.6569  q_loss=4.3621  actor_loss=-14.3768  (119 it/s)
[step    95000] value_loss=0.9374  q_loss=38.0687  actor_loss=-12.9443  (118 it/s)
[step    96000] value_loss=0.4270  q_loss=5.3271  actor_loss=-11.1048  (119 it/s)
[step    97000] value_loss=0.5008  q_loss=6.3393  actor_loss=-12.2939  (118 it/s)
[step    98000] value_loss=0.4568  q_loss=5.5440  actor_loss=-9.3945  (117 it/s)
[step    99000] value_loss=0.6844  q_loss=6.0700  actor_loss=-16.6401  (112 it/s)
[step   100000] value_loss=0.6482  q_loss=7.0657  actor_loss=-21.5674  (111 it/s)
[step   101000] value_loss=0.6010  q_loss=5.3990  actor_loss=-20.0732  (118 it/s)
[step   102000] value_loss=0.4218  q_loss=8.0171  actor_loss=-13.0120  (116 it/s)
[step   103000] value_loss=0.4627  q_loss=5.1148  actor_loss=-4.0274  (118 it/s)
[step   104000] value_loss=0.5726  q_loss=5.3171  actor_loss=-7.4239  (122 it/s)
[step   105000] value_loss=0.5581  q_loss=8.0993  actor_loss=-15.8626  (113 it/s)
[step   106000] value_loss=0.7618  q_loss=5.2693  actor_loss=-14.9970  (114 it/s)
[step   107000] value_loss=0.4945  q_loss=4.9124  actor_loss=-8.4090  (123 it/s)
[step   108000] value_loss=0.7589  q_loss=7.7926  actor_loss=-17.8450  (121 it/s)
[step   109000] value_loss=0.7896  q_loss=7.2081  actor_loss=-17.0397  (124 it/s)
[step   110000] value_loss=0.8771  q_loss=12.1728  actor_loss=-7.6574  (123 it/s)
[step   111000] value_loss=0.6370  q_loss=6.1253  actor_loss=-16.8194  (120 it/s)
[step   112000] value_loss=0.5987  q_loss=7.0264  actor_loss=-2.9192  (115 it/s)
[step   113000] value_loss=1.6461  q_loss=21.3163  actor_loss=-17.5960  (115 it/s)
[step   114000] value_loss=0.7729  q_loss=36.7845  actor_loss=-8.7442  (118 it/s)
[step   115000] value_loss=0.7211  q_loss=7.1284  actor_loss=-25.0159  (126 it/s)
[step   116000] value_loss=0.6389  q_loss=6.3133  actor_loss=-9.3694  (120 it/s)
[step   117000] value_loss=0.6504  q_loss=4.7372  actor_loss=-20.6416  (120 it/s)
[step   118000] value_loss=0.8602  q_loss=9.0296  actor_loss=-18.1136  (120 it/s)
[step   119000] value_loss=0.6419  q_loss=6.2941  actor_loss=-10.9928  (120 it/s)
[step   120000] value_loss=0.4716  q_loss=4.9567  actor_loss=-17.1027  (117 it/s)
[step   121000] value_loss=0.6373  q_loss=8.1363  actor_loss=-11.6580  (124 it/s)
[step   122000] value_loss=0.8490  q_loss=7.0365  actor_loss=-10.7678  (124 it/s)
[step   123000] value_loss=0.8328  q_loss=6.1698  actor_loss=-15.5262  (122 it/s)
[step   124000] value_loss=0.8837  q_loss=10.0167  actor_loss=-14.2261  (124 it/s)
[step   125000] value_loss=1.0366  q_loss=5.2636  actor_loss=-19.0734  (121 it/s)
[step   126000] value_loss=0.6084  q_loss=4.6759  actor_loss=-13.1098  (133 it/s)
[step   127000] value_loss=0.6927  q_loss=7.8503  actor_loss=-22.3030  (123 it/s)
[step   128000] value_loss=0.7265  q_loss=8.4052  actor_loss=-8.0573  (123 it/s)
[step   129000] value_loss=1.0700  q_loss=6.2088  actor_loss=-15.0044  (123 it/s)
[step   130000] value_loss=0.5700  q_loss=4.1643  actor_loss=-11.1824  (121 it/s)
[step   131000] value_loss=0.6800  q_loss=8.4863  actor_loss=-16.5932  (112 it/s)
[step   132000] value_loss=0.4995  q_loss=5.2007  actor_loss=-14.6568  (131 it/s)
[step   133000] value_loss=0.6783  q_loss=11.1109  actor_loss=-13.4764  (118 it/s)
[step   134000] value_loss=0.5272  q_loss=5.1582  actor_loss=-15.5296  (112 it/s)
[step   135000] value_loss=1.1069  q_loss=9.1410  actor_loss=-20.3937  (118 it/s)
[step   136000] value_loss=0.9167  q_loss=7.6789  actor_loss=-14.4779  (116 it/s)
[step   137000] value_loss=0.6863  q_loss=7.8429  actor_loss=-8.1979  (121 it/s)
[step   138000] value_loss=0.6954  q_loss=6.0398  actor_loss=-23.4524  (119 it/s)
[step   139000] value_loss=1.4294  q_loss=6.1312  actor_loss=-11.7757  (114 it/s)
[step   140000] value_loss=3.2773  q_loss=48.8294  actor_loss=-25.1009  (115 it/s)
[step   141000] value_loss=0.8149  q_loss=7.4038  actor_loss=-22.6304  (116 it/s)
[step   142000] value_loss=0.5879  q_loss=7.5862  actor_loss=-16.8054  (115 it/s)
[step   143000] value_loss=0.7332  q_loss=5.1686  actor_loss=-24.4353  (122 it/s)
[step   144000] value_loss=1.1072  q_loss=32.8997  actor_loss=-18.2542  (127 it/s)
[step   145000] value_loss=0.6748  q_loss=4.9828  actor_loss=-14.7643  (126 it/s)
[step   146000] value_loss=0.7890  q_loss=8.0265  actor_loss=-25.2478  (119 it/s)
[step   147000] value_loss=1.0052  q_loss=6.9047  actor_loss=-11.6772  (116 it/s)
[step   148000] value_loss=0.6602  q_loss=9.2437  actor_loss=-15.0881  (119 it/s)
[step   149000] value_loss=0.6014  q_loss=5.6603  actor_loss=-18.7049  (124 it/s)
[step   150000] value_loss=1.2804  q_loss=18.0635  actor_loss=-17.2070  (126 it/s)
[step   151000] value_loss=0.8625  q_loss=6.2106  actor_loss=-13.7674  (127 it/s)
[step   152000] value_loss=0.6699  q_loss=5.0965  actor_loss=-13.1715  (117 it/s)
[step   153000] value_loss=0.4913  q_loss=5.1358  actor_loss=-8.7504  (120 it/s)
[step   154000] value_loss=0.8524  q_loss=5.8522  actor_loss=-16.8787  (120 it/s)
[step   155000] value_loss=0.9514  q_loss=7.8727  actor_loss=-14.2181  (109 it/s)
[step   156000] value_loss=0.6855  q_loss=8.0369  actor_loss=-19.1802  (117 it/s)
[step   157000] value_loss=0.9598  q_loss=7.9142  actor_loss=-28.1174  (125 it/s)
[step   158000] value_loss=0.7048  q_loss=5.8689  actor_loss=-10.1996  (117 it/s)
[step   159000] value_loss=0.8361  q_loss=7.0369  actor_loss=-10.7703  (114 it/s)
[step   160000] value_loss=0.8468  q_loss=5.7664  actor_loss=-23.2434  (116 it/s)
[step   161000] value_loss=0.7565  q_loss=7.9180  actor_loss=-13.6774  (120 it/s)
[step   162000] value_loss=1.4706  q_loss=29.4549  actor_loss=-18.0860  (116 it/s)
[step   163000] value_loss=2.7686  q_loss=8.7478  actor_loss=-17.7794  (110 it/s)
[step   164000] value_loss=0.5713  q_loss=5.7570  actor_loss=-13.9418  (114 it/s)
[step   165000] value_loss=0.6784  q_loss=9.4405  actor_loss=-25.4726  (111 it/s)
[step   166000] value_loss=0.7303  q_loss=6.4603  actor_loss=-12.4218  (117 it/s)
[step   167000] value_loss=1.0435  q_loss=8.4855  actor_loss=-16.4982  (116 it/s)
[step   168000] value_loss=1.4328  q_loss=6.1800  actor_loss=-17.7382  (116 it/s)
[step   169000] value_loss=1.9080  q_loss=8.0785  actor_loss=-22.6268  (116 it/s)
[step   170000] value_loss=0.9187  q_loss=5.6776  actor_loss=-29.3257  (114 it/s)
[step   171000] value_loss=0.9521  q_loss=40.4398  actor_loss=-19.5092  (114 it/s)
[step   172000] value_loss=1.0620  q_loss=7.6783  actor_loss=-24.9956  (114 it/s)
[step   173000] value_loss=0.7549  q_loss=5.7609  actor_loss=-18.8658  (118 it/s)
[step   174000] value_loss=1.0568  q_loss=40.0779  actor_loss=-15.8303  (126 it/s)
[step   175000] value_loss=1.2813  q_loss=14.8467  actor_loss=-21.1453  (119 it/s)
[step   176000] value_loss=0.6578  q_loss=7.0615  actor_loss=-18.3492  (121 it/s)
[step   177000] value_loss=0.9884  q_loss=6.0798  actor_loss=-19.7147  (117 it/s)
[step   178000] value_loss=0.8284  q_loss=6.1616  actor_loss=-13.3427  (118 it/s)
[step   179000] value_loss=0.7716  q_loss=7.3221  actor_loss=-17.5603  (117 it/s)
[step   180000] value_loss=1.0755  q_loss=7.5732  actor_loss=-16.4694  (115 it/s)
[step   181000] value_loss=0.8339  q_loss=7.2125  actor_loss=-15.3102  (116 it/s)
[step   182000] value_loss=1.1433  q_loss=8.6367  actor_loss=-14.6796  (132 it/s)
[step   183000] value_loss=0.8313  q_loss=6.5170  actor_loss=-22.7962  (127 it/s)
[step   184000] value_loss=1.0303  q_loss=9.5441  actor_loss=-17.9547  (127 it/s)
[step   185000] value_loss=0.7987  q_loss=5.8599  actor_loss=-9.1221  (116 it/s)
[step   186000] value_loss=1.0735  q_loss=6.8982  actor_loss=-11.0311  (117 it/s)
[step   187000] value_loss=1.7465  q_loss=21.2133  actor_loss=-27.2644  (137 it/s)
[step   188000] value_loss=0.8543  q_loss=7.3107  actor_loss=-14.1029  (123 it/s)
[step   189000] value_loss=0.9100  q_loss=5.5436  actor_loss=-18.6501  (128 it/s)
[step   190000] value_loss=1.0086  q_loss=5.3363  actor_loss=-7.6164  (118 it/s)
[step   191000] value_loss=0.8749  q_loss=7.1599  actor_loss=-25.1252  (114 it/s)
[step   192000] value_loss=2.7312  q_loss=14.3826  actor_loss=-10.6397  (113 it/s)
[step   193000] value_loss=2.0650  q_loss=17.2149  actor_loss=-30.2749  (122 it/s)
[step   194000] value_loss=1.1243  q_loss=6.8501  actor_loss=-5.7053  (124 it/s)
[step   195000] value_loss=0.6451  q_loss=8.4030  actor_loss=-16.4272  (117 it/s)
[step   196000] value_loss=1.0304  q_loss=5.2354  actor_loss=-17.1973  (127 it/s)
[step   197000] value_loss=2.2061  q_loss=14.7289  actor_loss=-23.9240  (122 it/s)
[step   198000] value_loss=0.9226  q_loss=10.0526  actor_loss=-14.7140  (117 it/s)
[step   199000] value_loss=0.9315  q_loss=7.9394  actor_loss=-14.2670  (120 it/s)
[step   200000] value_loss=0.7295  q_loss=6.7934  actor_loss=-15.7638  (123 it/s)
[step   201000] value_loss=1.0792  q_loss=7.1629  actor_loss=-16.6470  (118 it/s)
[step   202000] value_loss=1.6544  q_loss=8.9126  actor_loss=-18.6884  (114 it/s)
[step   203000] value_loss=0.7632  q_loss=7.9433  actor_loss=-8.9346  (120 it/s)
[step   204000] value_loss=1.0417  q_loss=6.2393  actor_loss=-15.1313  (123 it/s)
[step   205000] value_loss=1.4392  q_loss=12.2228  actor_loss=-19.5236  (120 it/s)
[step   206000] value_loss=0.7955  q_loss=7.6802  actor_loss=-15.6902  (122 it/s)
[step   207000] value_loss=1.4275  q_loss=32.2554  actor_loss=-27.4138  (127 it/s)
[step   208000] value_loss=0.8297  q_loss=5.4792  actor_loss=-13.8530  (120 it/s)
[step   209000] value_loss=1.0736  q_loss=8.6470  actor_loss=-25.3486  (123 it/s)
[step   210000] value_loss=1.2494  q_loss=9.4557  actor_loss=-10.1968  (117 it/s)
[step   211000] value_loss=0.8236  q_loss=7.9172  actor_loss=-13.2043  (116 it/s)
[step   212000] value_loss=2.6412  q_loss=11.4975  actor_loss=-14.0744  (119 it/s)
[step   213000] value_loss=0.9832  q_loss=5.0791  actor_loss=-9.9709  (122 it/s)
[step   214000] value_loss=1.0581  q_loss=8.2797  actor_loss=-17.0044  (125 it/s)
[step   215000] value_loss=0.9556  q_loss=6.8717  actor_loss=-29.8457  (112 it/s)
[step   216000] value_loss=1.5103  q_loss=9.7653  actor_loss=-4.8060  (113 it/s)
[step   217000] value_loss=2.5128  q_loss=17.0535  actor_loss=-19.0390  (113 it/s)
[step   218000] value_loss=2.0211  q_loss=14.0111  actor_loss=-8.4300  (114 it/s)
[step   219000] value_loss=1.6348  q_loss=7.2941  actor_loss=-34.4028  (119 it/s)
[step   220000] value_loss=1.0920  q_loss=8.5634  actor_loss=-13.9871  (123 it/s)
[step   221000] value_loss=10.8325  q_loss=12.2962  actor_loss=-25.7009  (123 it/s)
[step   222000] value_loss=1.2944  q_loss=16.9512  actor_loss=-25.4113  (120 it/s)
[step   223000] value_loss=1.3301  q_loss=10.0366  actor_loss=-37.8296  (123 it/s)
[step   224000] value_loss=0.9811  q_loss=7.9174  actor_loss=-18.4436  (114 it/s)
[step   225000] value_loss=5.3587  q_loss=40.2667  actor_loss=-17.4461  (118 it/s)
[step   226000] value_loss=1.2004  q_loss=5.4634  actor_loss=-18.5429  (119 it/s)
[step   227000] value_loss=0.9493  q_loss=8.4311  actor_loss=-19.5296  (117 it/s)
[step   228000] value_loss=2.2523  q_loss=14.7918  actor_loss=-10.1841  (122 it/s)
[step   229000] value_loss=1.3429  q_loss=9.7073  actor_loss=-22.5716  (119 it/s)
[step   230000] value_loss=2.9000  q_loss=11.9926  actor_loss=-23.9632  (113 it/s)
[step   231000] value_loss=1.0134  q_loss=7.8952  actor_loss=-30.1631  (120 it/s)
[step   232000] value_loss=1.9303  q_loss=11.4523  actor_loss=-34.1593  (118 it/s)
[step   233000] value_loss=1.4934  q_loss=5.7353  actor_loss=-15.2326  (121 it/s)
[step   234000] value_loss=0.9943  q_loss=6.7893  actor_loss=-23.1295  (122 it/s)
[step   235000] value_loss=1.6735  q_loss=8.9264  actor_loss=-19.6249  (122 it/s)
[step   236000] value_loss=1.0753  q_loss=6.3447  actor_loss=-18.2424  (122 it/s)
[step   237000] value_loss=8.9854  q_loss=8.5588  actor_loss=-32.2597  (128 it/s)
[step   238000] value_loss=0.9844  q_loss=7.1893  actor_loss=-19.6617  (123 it/s)
[step   239000] value_loss=1.1469  q_loss=8.2591  actor_loss=-25.9929  (122 it/s)
[step   240000] value_loss=1.5519  q_loss=9.8013  actor_loss=-18.6058  (124 it/s)
[step   241000] value_loss=0.9903  q_loss=10.1854  actor_loss=-22.9183  (124 it/s)
[step   242000] value_loss=1.8408  q_loss=39.3987  actor_loss=-17.4460  (121 it/s)
[step   243000] value_loss=1.0704  q_loss=9.0126  actor_loss=-25.1591  (127 it/s)
[step   244000] value_loss=0.9089  q_loss=8.5746  actor_loss=-15.8211  (127 it/s)
[step   245000] value_loss=1.4482  q_loss=7.8555  actor_loss=-24.3962  (135 it/s)
[step   246000] value_loss=1.5736  q_loss=5.6525  actor_loss=-14.6230  (117 it/s)
[step   247000] value_loss=1.2856  q_loss=10.2226  actor_loss=-20.5167  (117 it/s)
[step   248000] value_loss=1.6069  q_loss=9.1546  actor_loss=-24.7520  (124 it/s)
[step   249000] value_loss=1.2768  q_loss=9.9896  actor_loss=-32.4333  (128 it/s)
[step   250000] value_loss=2.1399  q_loss=25.7016  actor_loss=-16.5876  (133 it/s)
[step   251000] value_loss=1.7822  q_loss=9.3992  actor_loss=-29.1756  (123 it/s)
[step   252000] value_loss=6.2657  q_loss=6.6454  actor_loss=-36.0007  (126 it/s)
[step   253000] value_loss=0.8472  q_loss=7.6028  actor_loss=-16.7380  (117 it/s)
[step   254000] value_loss=1.6976  q_loss=9.1284  actor_loss=-9.9089  (116 it/s)
[step   255000] value_loss=0.7607  q_loss=6.2992  actor_loss=-6.6142  (114 it/s)
[step   256000] value_loss=1.3830  q_loss=7.1332  actor_loss=-12.0675  (116 it/s)
[step   257000] value_loss=1.2085  q_loss=5.5269  actor_loss=-24.2037  (119 it/s)
[step   258000] value_loss=1.1853  q_loss=9.0590  actor_loss=-25.0395  (118 it/s)
[step   259000] value_loss=1.3110  q_loss=7.8708  actor_loss=-16.5332  (115 it/s)
[step   260000] value_loss=1.0641  q_loss=5.3591  actor_loss=-20.6391  (116 it/s)
[step   261000] value_loss=1.1028  q_loss=9.5895  actor_loss=-12.7022  (115 it/s)
[step   262000] value_loss=2.8448  q_loss=23.7004  actor_loss=-21.4063  (116 it/s)
[step   263000] value_loss=1.7566  q_loss=24.7232  actor_loss=-16.1534  (119 it/s)
[step   264000] value_loss=1.7392  q_loss=9.7144  actor_loss=-14.3821  (116 it/s)
[step   265000] value_loss=1.0665  q_loss=8.2366  actor_loss=-6.7217  (115 it/s)
[step   266000] value_loss=2.7589  q_loss=9.7471  actor_loss=-24.2113  (129 it/s)
[step   267000] value_loss=1.4862  q_loss=10.5166  actor_loss=-23.5716  (126 it/s)
[step   268000] value_loss=2.0101  q_loss=27.2719  actor_loss=-17.7064  (126 it/s)
[step   269000] value_loss=1.2336  q_loss=6.1670  actor_loss=-14.9657  (119 it/s)
[step   270000] value_loss=1.4766  q_loss=8.7713  actor_loss=-35.5443  (126 it/s)
[step   271000] value_loss=3.3292  q_loss=10.1979  actor_loss=-45.1521  (120 it/s)
[step   272000] value_loss=1.4559  q_loss=7.7652  actor_loss=-25.9549  (129 it/s)
[step   273000] value_loss=2.5169  q_loss=16.3604  actor_loss=-18.5672  (133 it/s)
[step   274000] value_loss=1.0970  q_loss=7.3808  actor_loss=-21.0344  (119 it/s)
[step   275000] value_loss=1.8568  q_loss=16.0799  actor_loss=-19.3619  (127 it/s)
[step   276000] value_loss=1.6065  q_loss=9.5294  actor_loss=-8.4881  (133 it/s)
[step   277000] value_loss=1.3069  q_loss=9.6300  actor_loss=-16.4672  (127 it/s)
[step   278000] value_loss=2.2686  q_loss=12.2608  actor_loss=-12.5189  (135 it/s)
[step   279000] value_loss=2.0213  q_loss=9.7277  actor_loss=-20.8642  (128 it/s)
[step   280000] value_loss=1.3206  q_loss=8.4489  actor_loss=-21.5074  (119 it/s)
[step   281000] value_loss=1.7121  q_loss=8.1788  actor_loss=-40.9424  (117 it/s)
[step   282000] value_loss=1.8259  q_loss=8.3328  actor_loss=-21.2719  (123 it/s)
[step   283000] value_loss=1.0379  q_loss=5.6542  actor_loss=-17.0053  (122 it/s)
[step   284000] value_loss=1.2929  q_loss=7.8383  actor_loss=-11.5144  (123 it/s)
[step   285000] value_loss=1.5224  q_loss=9.4674  actor_loss=-28.3403  (122 it/s)
[step   286000] value_loss=1.7122  q_loss=9.7713  actor_loss=-10.5813  (115 it/s)
[step   287000] value_loss=1.2495  q_loss=8.8828  actor_loss=-26.5296  (106 it/s)
[step   288000] value_loss=1.6762  q_loss=7.7202  actor_loss=-13.7727  (103 it/s)
[step   289000] value_loss=1.3739  q_loss=9.9983  actor_loss=-26.4397  (123 it/s)
[step   290000] value_loss=1.4089  q_loss=5.9138  actor_loss=-12.7540  (113 it/s)
[step   291000] value_loss=1.1459  q_loss=7.2982  actor_loss=-13.8404  (117 it/s)
[step   292000] value_loss=1.4104  q_loss=11.1103  actor_loss=-27.2022  (113 it/s)
[step   293000] value_loss=1.4469  q_loss=7.7160  actor_loss=-26.9355  (118 it/s)
[step   294000] value_loss=1.4565  q_loss=8.6855  actor_loss=-20.5501  (121 it/s)
[step   295000] value_loss=1.5178  q_loss=11.8120  actor_loss=-27.5737  (119 it/s)
[step   296000] value_loss=1.9880  q_loss=10.3104  actor_loss=-20.8196  (116 it/s)
[step   297000] value_loss=1.3884  q_loss=9.2295  actor_loss=-13.6255  (113 it/s)
[step   298000] value_loss=2.2760  q_loss=12.2852  actor_loss=-18.9670  (115 it/s)
[step   299000] value_loss=1.6517  q_loss=7.1336  actor_loss=-18.3658  (116 it/s)
[step   300000] value_loss=1.8384  q_loss=7.5744  actor_loss=-21.4320  (114 it/s)
--- 학습 완료: 300000 steps, 2512.8s, out=runs/d2_iql_cap10 ---
