[f1tenth] datasets=['cap10_full', 'cap15', 'cap20']  ep=702(완주 30/충돌 672)  transitions=591121  obs_dim=133  act_dim=2  terminals=672
           harmonize→v_common=20.0 (수집 v_max={'cap10_full': 10.0, 'cap15': 15.0, 'cap20': 20.0})
           steer[min,max]=[-1.000,1.000]  speed[min,max]=[-1.000,1.000]  reward[min,mean,max]=[-50.00,0.268,100.50]
[norm] mean/std 계산·저장 → runs/d3_iql_stitch/obs_norm.npz
Dataset size: 591121
--- IQL 학습 시작: datasets=['cap10_full', 'cap15', 'cap20'] N=591121 obs=133 act=2 γ=0.999 β=3.0 τ=0.7 actor=gauss dev=cuda steps[0→300000] ---
[step     1000] value_loss=0.0012  q_loss=0.1498  actor_loss=1.3058  (100 it/s)
[step     2000] value_loss=0.0071  q_loss=38.9946  actor_loss=0.9034  (96 it/s)
[step     3000] value_loss=0.0163  q_loss=0.5616  actor_loss=0.4384  (123 it/s)
[step     4000] value_loss=0.0253  q_loss=0.6958  actor_loss=0.4601  (137 it/s)
[step     5000] value_loss=0.0776  q_loss=3.0415  actor_loss=0.0004  (96 it/s)
[step     6000] value_loss=0.0564  q_loss=1.1916  actor_loss=0.8262  (127 it/s)
[step     7000] value_loss=0.0803  q_loss=41.6527  actor_loss=-0.5525  (123 it/s)
[step     8000] value_loss=0.0542  q_loss=0.8526  actor_loss=-0.6451  (122 it/s)
[step     9000] value_loss=0.1844  q_loss=6.3570  actor_loss=-2.1831  (126 it/s)
[step    10000] value_loss=0.1770  q_loss=1.8010  actor_loss=-2.2942  (124 it/s)
[step    11000] value_loss=0.2748  q_loss=2.0299  actor_loss=3.6863  (113 it/s)
[step    12000] value_loss=0.2563  q_loss=1.7298  actor_loss=-0.2218  (121 it/s)
[step    13000] value_loss=0.1958  q_loss=3.4704  actor_loss=-1.9624  (121 it/s)
[step    14000] value_loss=0.2022  q_loss=5.5082  actor_loss=0.1137  (121 it/s)
[step    15000] value_loss=0.2083  q_loss=3.3257  actor_loss=-2.2135  (126 it/s)
[step    16000] value_loss=0.1237  q_loss=1.7532  actor_loss=-0.8707  (126 it/s)
[step    17000] value_loss=0.1741  q_loss=2.6500  actor_loss=2.0033  (116 it/s)
[step    18000] value_loss=0.2689  q_loss=3.0735  actor_loss=0.6583  (121 it/s)
[step    19000] value_loss=0.4484  q_loss=3.3718  actor_loss=-1.3794  (124 it/s)
[step    20000] value_loss=0.2439  q_loss=4.1103  actor_loss=1.6184  (122 it/s)
[step    21000] value_loss=0.3181  q_loss=52.2699  actor_loss=-2.7585  (118 it/s)
[step    22000] value_loss=0.4272  q_loss=14.5598  actor_loss=-1.3251  (119 it/s)
[step    23000] value_loss=0.3149  q_loss=7.9074  actor_loss=-1.6016  (117 it/s)
[step    24000] value_loss=0.2578  q_loss=2.7107  actor_loss=-3.0306  (120 it/s)
[step    25000] value_loss=0.4534  q_loss=4.7164  actor_loss=-3.7940  (124 it/s)
[step    26000] value_loss=0.6233  q_loss=22.5272  actor_loss=-2.2650  (113 it/s)
[step    27000] value_loss=0.3686  q_loss=4.2443  actor_loss=-1.5652  (114 it/s)
[step    28000] value_loss=0.6152  q_loss=6.2998  actor_loss=-1.9300  (106 it/s)
[step    29000] value_loss=0.5926  q_loss=4.0365  actor_loss=-1.2800  (117 it/s)
[step    30000] value_loss=0.3282  q_loss=4.2544  actor_loss=0.5775  (117 it/s)
[step    31000] value_loss=0.3968  q_loss=3.6434  actor_loss=0.4950  (123 it/s)
[step    32000] value_loss=0.5780  q_loss=5.0607  actor_loss=0.1519  (119 it/s)
[step    33000] value_loss=0.3636  q_loss=5.2323  actor_loss=0.1556  (118 it/s)
[step    34000] value_loss=0.3829  q_loss=8.3976  actor_loss=0.0781  (128 it/s)
[step    35000] value_loss=0.2599  q_loss=4.3823  actor_loss=-2.0363  (119 it/s)
[step    36000] value_loss=0.4178  q_loss=5.6493  actor_loss=-1.4486  (118 it/s)
[step    37000] value_loss=0.5106  q_loss=5.0148  actor_loss=-1.9103  (128 it/s)
[step    38000] value_loss=0.6775  q_loss=8.4778  actor_loss=-1.8432  (129 it/s)
[step    39000] value_loss=0.3300  q_loss=6.7839  actor_loss=-1.0210  (112 it/s)
[step    40000] value_loss=0.4796  q_loss=5.5670  actor_loss=-4.8920  (116 it/s)
[step    41000] value_loss=0.7666  q_loss=9.4648  actor_loss=-0.8973  (116 it/s)
[step    42000] value_loss=0.4199  q_loss=54.2596  actor_loss=-3.0227  (120 it/s)
[step    43000] value_loss=0.6688  q_loss=43.8740  actor_loss=1.2851  (126 it/s)
[step    44000] value_loss=0.7510  q_loss=42.4094  actor_loss=-3.3259  (128 it/s)
[step    45000] value_loss=0.7187  q_loss=6.7060  actor_loss=-0.4794  (116 it/s)
[step    46000] value_loss=0.4586  q_loss=48.3560  actor_loss=1.4941  (118 it/s)
[step    47000] value_loss=0.7442  q_loss=7.6062  actor_loss=-2.9912  (115 it/s)
[step    48000] value_loss=0.6352  q_loss=6.7582  actor_loss=-1.4491  (118 it/s)
[step    49000] value_loss=0.7277  q_loss=6.8790  actor_loss=-4.9785  (122 it/s)
[step    50000] value_loss=0.5908  q_loss=7.6489  actor_loss=-6.6872  (121 it/s)
[step    51000] value_loss=1.1574  q_loss=10.3722  actor_loss=-1.4374  (115 it/s)
[step    52000] value_loss=0.5676  q_loss=9.1331  actor_loss=-4.0544  (118 it/s)
[step    53000] value_loss=0.8346  q_loss=7.8911  actor_loss=-2.1908  (116 it/s)
[step    54000] value_loss=1.0459  q_loss=52.3896  actor_loss=-1.2857  (118 it/s)
[step    55000] value_loss=0.5285  q_loss=24.6405  actor_loss=1.5710  (126 it/s)
[step    56000] value_loss=0.4906  q_loss=8.3956  actor_loss=-2.0530  (127 it/s)
[step    57000] value_loss=1.5162  q_loss=20.7204  actor_loss=-7.3456  (130 it/s)
[step    58000] value_loss=0.8245  q_loss=10.5609  actor_loss=-1.1563  (118 it/s)
[step    59000] value_loss=0.9701  q_loss=47.5801  actor_loss=-3.4449  (119 it/s)
[step    60000] value_loss=1.0281  q_loss=8.0940  actor_loss=-4.7929  (123 it/s)
[step    61000] value_loss=0.9924  q_loss=7.1050  actor_loss=0.4015  (120 it/s)
[step    62000] value_loss=0.8824  q_loss=9.3230  actor_loss=-8.0858  (120 it/s)
[step    63000] value_loss=1.0265  q_loss=10.4379  actor_loss=3.5088  (122 it/s)
[step    64000] value_loss=0.4946  q_loss=10.3097  actor_loss=-3.0798  (117 it/s)
[step    65000] value_loss=0.7471  q_loss=9.7663  actor_loss=-4.7714  (117 it/s)
[step    66000] value_loss=0.6803  q_loss=9.3603  actor_loss=-3.0562  (115 it/s)
[step    67000] value_loss=2.0190  q_loss=14.5784  actor_loss=-11.4545  (136 it/s)
[step    68000] value_loss=0.9238  q_loss=22.7429  actor_loss=-3.7256  (137 it/s)
[step    69000] value_loss=0.8647  q_loss=8.7309  actor_loss=-1.7489  (122 it/s)
[step    70000] value_loss=1.0424  q_loss=49.7064  actor_loss=-4.2578  (117 it/s)
[step    71000] value_loss=0.9622  q_loss=8.3696  actor_loss=-5.1125  (120 it/s)
[step    72000] value_loss=1.2479  q_loss=11.2232  actor_loss=7.0474  (135 it/s)
[step    73000] value_loss=1.9090  q_loss=30.4074  actor_loss=-5.9900  (133 it/s)
[step    74000] value_loss=1.0715  q_loss=85.4310  actor_loss=-4.6389  (135 it/s)
[step    75000] value_loss=1.1992  q_loss=11.2854  actor_loss=-6.1629  (124 it/s)
[step    76000] value_loss=1.1725  q_loss=51.5390  actor_loss=-2.2188  (122 it/s)
[step    77000] value_loss=1.0268  q_loss=39.1232  actor_loss=-4.2363  (125 it/s)
[step    78000] value_loss=1.1458  q_loss=12.0521  actor_loss=-0.9942  (122 it/s)
[step    79000] value_loss=1.0230  q_loss=55.0984  actor_loss=-3.1925  (117 it/s)
[step    80000] value_loss=1.2981  q_loss=7.5126  actor_loss=-1.2943  (120 it/s)
[step    81000] value_loss=1.4503  q_loss=8.2203  actor_loss=-5.3642  (121 it/s)
[step    82000] value_loss=1.1329  q_loss=44.3250  actor_loss=-7.7702  (121 it/s)
[step    83000] value_loss=1.8079  q_loss=14.6297  actor_loss=-2.6037  (118 it/s)
[step    84000] value_loss=1.1819  q_loss=19.8721  actor_loss=-5.9372  (119 it/s)
[step    85000] value_loss=1.1083  q_loss=16.3470  actor_loss=0.4179  (111 it/s)
[step    86000] value_loss=1.5680  q_loss=18.2952  actor_loss=-13.1806  (118 it/s)
[step    87000] value_loss=1.8036  q_loss=43.8798  actor_loss=-10.2262  (122 it/s)
[step    88000] value_loss=1.5064  q_loss=8.1812  actor_loss=-1.8997  (119 it/s)
[step    89000] value_loss=1.0106  q_loss=15.3792  actor_loss=-2.8934  (123 it/s)
[step    90000] value_loss=1.6503  q_loss=18.9970  actor_loss=-7.4424  (122 it/s)
[step    91000] value_loss=2.6194  q_loss=20.4464  actor_loss=-4.8914  (120 it/s)
[step    92000] value_loss=1.0553  q_loss=12.7058  actor_loss=-6.2710  (129 it/s)
[step    93000] value_loss=1.7233  q_loss=27.8062  actor_loss=-13.0151  (125 it/s)
[step    94000] value_loss=1.8673  q_loss=13.6490  actor_loss=-2.5596  (121 it/s)
[step    95000] value_loss=1.3707  q_loss=19.1372  actor_loss=-6.6082  (121 it/s)
[step    96000] value_loss=1.3703  q_loss=15.5585  actor_loss=-6.4569  (116 it/s)
[step    97000] value_loss=3.1777  q_loss=25.0551  actor_loss=-6.2941  (121 it/s)
[step    98000] value_loss=1.6989  q_loss=17.1607  actor_loss=-5.8432  (121 it/s)
[step    99000] value_loss=1.2589  q_loss=8.8637  actor_loss=-4.3942  (122 it/s)
[step   100000] value_loss=1.2930  q_loss=13.6717  actor_loss=-8.3589  (114 it/s)
[step   101000] value_loss=1.5552  q_loss=10.0445  actor_loss=-10.2740  (120 it/s)
[step   102000] value_loss=1.5041  q_loss=21.8020  actor_loss=-9.0604  (116 it/s)
[step   103000] value_loss=1.2907  q_loss=11.2372  actor_loss=-7.4728  (120 it/s)
[step   104000] value_loss=2.1245  q_loss=21.1081  actor_loss=-5.2050  (120 it/s)
[step   105000] value_loss=1.5945  q_loss=51.3466  actor_loss=-10.9073  (132 it/s)
[step   106000] value_loss=1.2110  q_loss=11.9663  actor_loss=-1.7693  (115 it/s)
[step   107000] value_loss=2.3681  q_loss=20.1133  actor_loss=-5.4709  (121 it/s)
[step   108000] value_loss=0.9611  q_loss=16.3406  actor_loss=-1.4829  (124 it/s)
[step   109000] value_loss=1.1061  q_loss=11.9696  actor_loss=-2.8650  (129 it/s)
[step   110000] value_loss=1.8903  q_loss=28.8753  actor_loss=-1.5660  (123 it/s)
[step   111000] value_loss=1.3796  q_loss=12.1196  actor_loss=-4.6506  (120 it/s)
[step   112000] value_loss=2.4726  q_loss=76.3807  actor_loss=-7.9852  (123 it/s)
[step   113000] value_loss=3.1507  q_loss=16.1435  actor_loss=-6.3482  (127 it/s)
[step   114000] value_loss=1.4630  q_loss=13.1702  actor_loss=-7.9511  (128 it/s)
[step   115000] value_loss=1.3896  q_loss=16.5091  actor_loss=-7.9359  (119 it/s)
[step   116000] value_loss=1.1481  q_loss=10.5530  actor_loss=-7.8268  (127 it/s)
[step   117000] value_loss=1.5625  q_loss=13.2685  actor_loss=-3.9448  (128 it/s)
[step   118000] value_loss=2.6537  q_loss=61.7113  actor_loss=-2.2339  (133 it/s)
[step   119000] value_loss=1.4772  q_loss=19.1701  actor_loss=-7.9371  (125 it/s)
[step   120000] value_loss=2.2423  q_loss=10.1367  actor_loss=-2.4096  (134 it/s)
[step   121000] value_loss=2.2426  q_loss=18.1496  actor_loss=-6.0877  (118 it/s)
[step   122000] value_loss=1.3861  q_loss=9.9871  actor_loss=-7.5463  (120 it/s)
[step   123000] value_loss=1.1541  q_loss=14.9315  actor_loss=-4.5997  (121 it/s)
[step   124000] value_loss=1.7336  q_loss=15.8566  actor_loss=-6.4279  (127 it/s)
[step   125000] value_loss=3.7683  q_loss=19.2612  actor_loss=-6.3205  (121 it/s)
[step   126000] value_loss=1.4280  q_loss=14.3288  actor_loss=-7.9188  (118 it/s)
[step   127000] value_loss=1.5221  q_loss=11.6562  actor_loss=-10.2439  (123 it/s)
[step   128000] value_loss=5.2467  q_loss=69.6175  actor_loss=-11.5293  (120 it/s)
[step   129000] value_loss=1.3299  q_loss=14.8165  actor_loss=-0.3321  (117 it/s)
[step   130000] value_loss=1.9164  q_loss=12.8485  actor_loss=-4.6943  (120 it/s)
[step   131000] value_loss=2.9725  q_loss=22.6067  actor_loss=-11.4195  (121 it/s)
[step   132000] value_loss=1.7700  q_loss=14.6934  actor_loss=-2.8751  (115 it/s)
[step   133000] value_loss=2.1738  q_loss=19.5724  actor_loss=-6.1545  (112 it/s)
[step   134000] value_loss=1.0905  q_loss=15.4957  actor_loss=-13.2437  (111 it/s)
[step   135000] value_loss=1.8284  q_loss=50.9071  actor_loss=-7.8078  (124 it/s)
[step   136000] value_loss=5.0736  q_loss=52.4744  actor_loss=-5.4226  (118 it/s)
[step   137000] value_loss=2.5340  q_loss=24.8085  actor_loss=-8.0819  (122 it/s)
[step   138000] value_loss=2.1609  q_loss=17.0992  actor_loss=-9.3195  (119 it/s)
[step   139000] value_loss=3.4533  q_loss=37.7683  actor_loss=-9.9594  (118 it/s)
[step   140000] value_loss=1.7720  q_loss=15.0331  actor_loss=-10.5713  (121 it/s)
[step   141000] value_loss=1.9313  q_loss=17.1215  actor_loss=-5.7102  (125 it/s)
[step   142000] value_loss=2.2506  q_loss=57.9405  actor_loss=-14.4629  (120 it/s)
[step   143000] value_loss=1.4041  q_loss=17.0773  actor_loss=-9.1431  (122 it/s)
[step   144000] value_loss=1.4422  q_loss=13.5559  actor_loss=-9.2797  (124 it/s)
[step   145000] value_loss=1.5855  q_loss=15.9750  actor_loss=-15.7854  (120 it/s)
[step   146000] value_loss=4.2229  q_loss=67.3806  actor_loss=-5.3615  (119 it/s)
[step   147000] value_loss=3.3143  q_loss=122.0393  actor_loss=-8.8051  (118 it/s)
[step   148000] value_loss=2.9189  q_loss=16.2042  actor_loss=-10.2303  (117 it/s)
[step   149000] value_loss=2.6203  q_loss=11.2837  actor_loss=-8.3286  (116 it/s)
[step   150000] value_loss=2.8848  q_loss=12.4287  actor_loss=-8.9400  (115 it/s)
[step   151000] value_loss=1.4449  q_loss=13.0226  actor_loss=-6.1443  (118 it/s)
[step   152000] value_loss=2.5893  q_loss=52.6549  actor_loss=-5.4968  (117 it/s)
[step   153000] value_loss=2.0284  q_loss=18.0570  actor_loss=-7.0272  (119 it/s)
[step   154000] value_loss=2.2471  q_loss=22.4245  actor_loss=-12.2606  (123 it/s)
[step   155000] value_loss=2.7711  q_loss=9.3225  actor_loss=2.0515  (120 it/s)
[step   156000] value_loss=3.6801  q_loss=16.1768  actor_loss=-7.2667  (116 it/s)
[step   157000] value_loss=2.3339  q_loss=16.6353  actor_loss=-7.2066  (123 it/s)
[step   158000] value_loss=2.6937  q_loss=18.3311  actor_loss=-7.7712  (123 it/s)
[step   159000] value_loss=2.2284  q_loss=15.5157  actor_loss=-8.4917  (123 it/s)
[step   160000] value_loss=3.9261  q_loss=24.9298  actor_loss=-17.9052  (123 it/s)
[step   161000] value_loss=3.4168  q_loss=21.0503  actor_loss=-8.6380  (110 it/s)
[step   162000] value_loss=2.5957  q_loss=14.8208  actor_loss=-17.8687  (116 it/s)
[step   163000] value_loss=3.7133  q_loss=40.8267  actor_loss=-4.5632  (121 it/s)
[step   164000] value_loss=2.2841  q_loss=21.1374  actor_loss=-11.3477  (122 it/s)
[step   165000] value_loss=3.8293  q_loss=11.7523  actor_loss=-9.6071  (122 it/s)
[step   166000] value_loss=2.2049  q_loss=18.4305  actor_loss=-9.2292  (115 it/s)
[step   167000] value_loss=2.2962  q_loss=15.2694  actor_loss=-1.1107  (121 it/s)
[step   168000] value_loss=2.1177  q_loss=9.9606  actor_loss=-4.9225  (118 it/s)
[step   169000] value_loss=3.6609  q_loss=12.5044  actor_loss=-9.9180  (134 it/s)
[step   170000] value_loss=2.9130  q_loss=15.6334  actor_loss=-9.3566  (132 it/s)
[step   171000] value_loss=2.3731  q_loss=15.4656  actor_loss=-4.6360  (120 it/s)
[step   172000] value_loss=2.0741  q_loss=46.3301  actor_loss=-6.5554  (120 it/s)
[step   173000] value_loss=1.8716  q_loss=13.1351  actor_loss=-13.0808  (122 it/s)
[step   174000] value_loss=2.9628  q_loss=47.8344  actor_loss=-10.5631  (124 it/s)
[step   175000] value_loss=2.5721  q_loss=18.0064  actor_loss=-15.1430  (134 it/s)
[step   176000] value_loss=3.0383  q_loss=12.7987  actor_loss=-9.0842  (127 it/s)
[step   177000] value_loss=3.1862  q_loss=11.9566  actor_loss=-6.2358  (125 it/s)
[step   178000] value_loss=3.0543  q_loss=32.4657  actor_loss=-15.6543  (127 it/s)
[step   179000] value_loss=2.9531  q_loss=19.5243  actor_loss=-9.0161  (120 it/s)
[step   180000] value_loss=1.6438  q_loss=13.7838  actor_loss=-9.6074  (126 it/s)
[step   181000] value_loss=3.0595  q_loss=21.4694  actor_loss=-13.4282  (132 it/s)
[step   182000] value_loss=2.6227  q_loss=17.8266  actor_loss=-10.4597  (124 it/s)
[step   183000] value_loss=2.8343  q_loss=16.3871  actor_loss=-10.2890  (132 it/s)
[step   184000] value_loss=3.1850  q_loss=21.2252  actor_loss=-7.6732  (130 it/s)
[step   185000] value_loss=3.4691  q_loss=61.0416  actor_loss=-11.3721  (136 it/s)
[step   186000] value_loss=2.7209  q_loss=51.9341  actor_loss=-12.8807  (128 it/s)
[step   187000] value_loss=2.5503  q_loss=15.7412  actor_loss=-2.1519  (120 it/s)
[step   188000] value_loss=1.9678  q_loss=10.4318  actor_loss=-13.9431  (114 it/s)
[step   189000] value_loss=5.2694  q_loss=21.3335  actor_loss=-8.8829  (128 it/s)
[step   190000] value_loss=1.5602  q_loss=53.4501  actor_loss=-10.3780  (124 it/s)
[step   191000] value_loss=1.5628  q_loss=14.3447  actor_loss=-12.4589  (124 it/s)
[step   192000] value_loss=1.9589  q_loss=15.6643  actor_loss=-8.7476  (123 it/s)
[step   193000] value_loss=2.3070  q_loss=13.6727  actor_loss=-3.8657  (121 it/s)
[step   194000] value_loss=4.3655  q_loss=15.0842  actor_loss=-9.9114  (118 it/s)
[step   195000] value_loss=4.1336  q_loss=17.2925  actor_loss=1.5192  (116 it/s)
[step   196000] value_loss=2.6022  q_loss=22.7820  actor_loss=-4.6861  (117 it/s)
[step   197000] value_loss=2.8164  q_loss=12.6451  actor_loss=-11.3658  (122 it/s)
[step   198000] value_loss=3.7751  q_loss=26.6349  actor_loss=-14.4536  (119 it/s)
[step   199000] value_loss=3.4810  q_loss=119.7776  actor_loss=-4.3714  (119 it/s)
[step   200000] value_loss=3.0561  q_loss=75.6651  actor_loss=-13.6843  (122 it/s)
[step   201000] value_loss=2.9679  q_loss=13.9110  actor_loss=-13.8107  (116 it/s)
[step   202000] value_loss=2.1490  q_loss=12.9887  actor_loss=-11.4485  (125 it/s)
[step   203000] value_loss=3.0113  q_loss=24.2429  actor_loss=-10.3114  (126 it/s)
[step   204000] value_loss=4.3210  q_loss=18.9684  actor_loss=-8.7133  (135 it/s)
[step   205000] value_loss=2.7353  q_loss=12.1702  actor_loss=-11.0159  (122 it/s)
[step   206000] value_loss=2.1722  q_loss=57.5670  actor_loss=-7.3380  (117 it/s)
[step   207000] value_loss=2.8405  q_loss=87.7999  actor_loss=-6.1825  (119 it/s)
[step   208000] value_loss=2.8778  q_loss=17.5530  actor_loss=-11.2162  (119 it/s)
[step   209000] value_loss=5.9708  q_loss=21.2439  actor_loss=-11.0834  (118 it/s)
[step   210000] value_loss=3.0453  q_loss=86.2329  actor_loss=-9.9178  (118 it/s)
[step   211000] value_loss=2.2385  q_loss=12.0019  actor_loss=-13.1759  (132 it/s)
[step   212000] value_loss=3.0545  q_loss=24.1123  actor_loss=-15.2731  (129 it/s)
[step   213000] value_loss=1.8424  q_loss=12.1902  actor_loss=-17.6635  (121 it/s)
[step   214000] value_loss=3.3637  q_loss=23.0188  actor_loss=-5.0913  (128 it/s)
[step   215000] value_loss=1.7172  q_loss=15.9526  actor_loss=-9.5862  (128 it/s)
[step   216000] value_loss=2.8657  q_loss=21.2252  actor_loss=-12.4762  (116 it/s)
[step   217000] value_loss=1.7748  q_loss=17.2009  actor_loss=-8.9556  (117 it/s)
[step   218000] value_loss=2.4348  q_loss=27.8810  actor_loss=-4.0254  (119 it/s)
[step   219000] value_loss=2.4535  q_loss=23.8433  actor_loss=-15.9959  (115 it/s)
[step   220000] value_loss=2.8651  q_loss=16.6271  actor_loss=-9.7627  (120 it/s)
[step   221000] value_loss=2.6198  q_loss=51.4596  actor_loss=-10.6696  (119 it/s)
[step   222000] value_loss=2.2393  q_loss=9.8865  actor_loss=-7.3631  (128 it/s)
[step   223000] value_loss=1.5005  q_loss=15.7107  actor_loss=-9.8355  (121 it/s)
[step   224000] value_loss=2.4883  q_loss=15.5827  actor_loss=-3.4732  (115 it/s)
[step   225000] value_loss=2.8230  q_loss=16.6631  actor_loss=-10.9942  (120 it/s)
[step   226000] value_loss=2.7864  q_loss=18.5136  actor_loss=-11.4309  (123 it/s)
[step   227000] value_loss=8.2569  q_loss=61.4523  actor_loss=-2.0425  (130 it/s)
[step   228000] value_loss=3.0249  q_loss=52.4240  actor_loss=-17.2236  (124 it/s)
[step   229000] value_loss=3.6195  q_loss=19.6941  actor_loss=-7.7494  (123 it/s)
[step   230000] value_loss=1.4185  q_loss=16.1682  actor_loss=-10.3707  (121 it/s)
[step   231000] value_loss=3.0720  q_loss=19.2679  actor_loss=-11.9123  (122 it/s)
[step   232000] value_loss=2.7519  q_loss=45.1306  actor_loss=-10.4904  (127 it/s)
[step   233000] value_loss=3.0929  q_loss=26.5114  actor_loss=-8.3905  (125 it/s)
[step   234000] value_loss=1.8840  q_loss=11.9548  actor_loss=-7.2436  (115 it/s)
[step   235000] value_loss=2.5830  q_loss=14.1801  actor_loss=-14.4501  (122 it/s)
[step   236000] value_loss=1.9692  q_loss=10.2382  actor_loss=-10.9800  (116 it/s)
[step   237000] value_loss=3.0583  q_loss=19.6000  actor_loss=-6.6300  (128 it/s)
[step   238000] value_loss=5.5711  q_loss=75.6375  actor_loss=-4.2827  (132 it/s)
[step   239000] value_loss=4.3125  q_loss=20.0293  actor_loss=-7.1404  (120 it/s)
[step   240000] value_loss=2.7296  q_loss=17.6184  actor_loss=-11.6784  (122 it/s)
[step   241000] value_loss=1.9894  q_loss=11.3215  actor_loss=-9.0339  (115 it/s)
[step   242000] value_loss=2.0521  q_loss=14.7906  actor_loss=-12.6731  (115 it/s)
[step   243000] value_loss=3.8955  q_loss=25.6283  actor_loss=-6.4546  (115 it/s)
[step   244000] value_loss=1.5153  q_loss=11.2969  actor_loss=-3.8486  (108 it/s)
[step   245000] value_loss=1.9660  q_loss=13.2062  actor_loss=-12.3282  (117 it/s)
[step   246000] value_loss=1.6874  q_loss=14.6857  actor_loss=-9.9669  (118 it/s)
[step   247000] value_loss=3.2681  q_loss=28.7378  actor_loss=-20.8924  (123 it/s)
[step   248000] value_loss=3.5338  q_loss=14.5199  actor_loss=-24.1161  (125 it/s)
[step   249000] value_loss=1.8652  q_loss=10.0705  actor_loss=-6.9322  (121 it/s)
[step   250000] value_loss=3.8001  q_loss=10.8757  actor_loss=-3.8629  (129 it/s)
[step   251000] value_loss=3.6090  q_loss=23.0179  actor_loss=-11.7902  (130 it/s)
[step   252000] value_loss=3.9546  q_loss=62.6199  actor_loss=-13.3190  (125 it/s)
[step   253000] value_loss=3.4084  q_loss=60.5308  actor_loss=-21.8217  (120 it/s)
[step   254000] value_loss=2.6611  q_loss=15.8434  actor_loss=-14.8721  (110 it/s)
[step   255000] value_loss=3.1018  q_loss=18.2037  actor_loss=-3.8218  (123 it/s)
[step   256000] value_loss=2.8362  q_loss=52.7496  actor_loss=-14.8181  (119 it/s)
[step   257000] value_loss=3.7120  q_loss=20.2780  actor_loss=-9.8959  (114 it/s)
[step   258000] value_loss=5.1188  q_loss=58.0283  actor_loss=-12.1264  (111 it/s)
[step   259000] value_loss=2.5278  q_loss=11.1220  actor_loss=-6.5691  (116 it/s)
[step   260000] value_loss=3.6152  q_loss=14.7339  actor_loss=-8.6632  (122 it/s)
[step   261000] value_loss=2.3509  q_loss=13.4570  actor_loss=-6.3571  (128 it/s)
[step   262000] value_loss=3.6426  q_loss=86.3709  actor_loss=-9.1481  (137 it/s)
[step   263000] value_loss=3.9421  q_loss=18.6480  actor_loss=-17.8374  (138 it/s)
[step   264000] value_loss=2.6284  q_loss=11.8711  actor_loss=-11.4932  (134 it/s)
[step   265000] value_loss=2.3060  q_loss=47.8386  actor_loss=-13.4820  (143 it/s)
[step   266000] value_loss=3.3481  q_loss=20.2500  actor_loss=-9.9493  (138 it/s)
[step   267000] value_loss=3.1237  q_loss=13.3575  actor_loss=-6.7175  (138 it/s)
[step   268000] value_loss=2.5520  q_loss=21.2244  actor_loss=-14.3513  (151 it/s)
[step   269000] value_loss=3.0721  q_loss=10.1597  actor_loss=-4.5684  (148 it/s)
[step   270000] value_loss=3.0230  q_loss=19.1334  actor_loss=-7.0456  (137 it/s)
[step   271000] value_loss=2.5209  q_loss=16.6856  actor_loss=-10.1938  (130 it/s)
[step   272000] value_loss=5.2639  q_loss=28.7218  actor_loss=-12.3241  (127 it/s)
[step   273000] value_loss=2.5939  q_loss=16.5374  actor_loss=-12.8001  (117 it/s)
[step   274000] value_loss=4.4852  q_loss=22.1960  actor_loss=-6.8505  (119 it/s)
[step   275000] value_loss=4.1539  q_loss=16.0189  actor_loss=-19.8881  (118 it/s)
[step   276000] value_loss=3.1694  q_loss=19.0280  actor_loss=-8.7017  (118 it/s)
[step   277000] value_loss=5.0191  q_loss=47.6235  actor_loss=1.2053  (118 it/s)
[step   278000] value_loss=2.4981  q_loss=15.4532  actor_loss=-17.7193  (116 it/s)
[step   279000] value_loss=2.1887  q_loss=20.3969  actor_loss=-5.5698  (122 it/s)
[step   280000] value_loss=3.6898  q_loss=52.5316  actor_loss=-16.4161  (118 it/s)
[step   281000] value_loss=4.1662  q_loss=14.0564  actor_loss=-11.3786  (120 it/s)
[step   282000] value_loss=2.8610  q_loss=15.2348  actor_loss=-18.6388  (123 it/s)
[step   283000] value_loss=3.0489  q_loss=40.5275  actor_loss=-14.4731  (121 it/s)
[step   284000] value_loss=4.8978  q_loss=23.5715  actor_loss=-7.0756  (124 it/s)
[step   285000] value_loss=4.1441  q_loss=20.7005  actor_loss=-14.6925  (117 it/s)
[step   286000] value_loss=2.6808  q_loss=24.5432  actor_loss=-4.4044  (118 it/s)
[step   287000] value_loss=2.1553  q_loss=48.9468  actor_loss=-8.3138  (134 it/s)
[step   288000] value_loss=3.0160  q_loss=21.6919  actor_loss=-12.3274  (115 it/s)
[step   289000] value_loss=6.1717  q_loss=23.2828  actor_loss=-7.9103  (122 it/s)
[step   290000] value_loss=3.4047  q_loss=16.9883  actor_loss=-4.8327  (118 it/s)
[step   291000] value_loss=9.5634  q_loss=21.9704  actor_loss=-11.5194  (118 it/s)
[step   292000] value_loss=3.7751  q_loss=49.9855  actor_loss=-17.5349  (120 it/s)
[step   293000] value_loss=4.0726  q_loss=56.0588  actor_loss=-6.7479  (122 it/s)
[step   294000] value_loss=3.4036  q_loss=59.8024  actor_loss=-6.8423  (129 it/s)
[step   295000] value_loss=2.7926  q_loss=18.3508  actor_loss=-10.7531  (130 it/s)
[step   296000] value_loss=2.4937  q_loss=16.6552  actor_loss=-4.1358  (136 it/s)
[step   297000] value_loss=2.8912  q_loss=14.4037  actor_loss=-8.5061  (139 it/s)
[step   298000] value_loss=5.7941  q_loss=21.3938  actor_loss=-7.6109  (135 it/s)
[step   299000] value_loss=3.1852  q_loss=10.8520  actor_loss=-6.7279  (126 it/s)
[step   300000] value_loss=3.0109  q_loss=13.2814  actor_loss=-8.2068  (122 it/s)
--- 학습 완료: 300000 steps, 2467.3s, out=runs/d3_iql_stitch ---
