[f1tenth] datasets=['cap10_full', 'cap15', 'cap20', 'cap15_rc', 'cap20_rc']  ep=1687(완주 30/충돌 1657)  transitions=1023760  obs_dim=133  act_dim=2  terminals=1657
           harmonize→v_common=20.0 (수집 v_max={'cap10_full': 10.0, 'cap15': 15.0, 'cap20': 20.0, 'cap15_rc': 15.0, 'cap20_rc': 20.0})
           steer[min,max]=[-1.000,1.000]  speed[min,max]=[-1.000,1.000]  reward[min,mean,max]=[-50.00,0.243,100.50]
[norm] resume: runs/d4_iql_stitch_rc/obs_norm.npz 에서 mean/std 로드
Dataset size: 1023760
[resume] runs/d4_iql_stitch_rc/latest.pt (total_it=300000) 에서 이어서 학습
--- IQL 학습 시작: datasets=['cap10_full', 'cap15', 'cap20', 'cap15_rc', 'cap20_rc'] N=1023760 obs=133 act=2 γ=0.999 β=3.0 τ=0.7 actor=gauss dev=cuda steps[300000→600000] ---
[step   301000] value_loss=3.1846  q_loss=13.7826  actor_loss=-6.6060  (99 it/s)
[step   302000] value_loss=2.7761  q_loss=22.9512  actor_loss=-9.9502  (93 it/s)
[step   303000] value_loss=2.8901  q_loss=20.1578  actor_loss=-19.9412  (91 it/s)
[step   304000] value_loss=3.6066  q_loss=24.5768  actor_loss=-2.3608  (98 it/s)
[step   305000] value_loss=3.4630  q_loss=19.8022  actor_loss=-8.9897  (93 it/s)
[step   306000] value_loss=2.4831  q_loss=16.0206  actor_loss=-4.0395  (89 it/s)
[step   307000] value_loss=4.9767  q_loss=25.6483  actor_loss=-1.6116  (93 it/s)
[step   308000] value_loss=4.0275  q_loss=18.3879  actor_loss=-6.3743  (93 it/s)
[step   309000] value_loss=3.7471  q_loss=13.4097  actor_loss=-9.1952  (94 it/s)
[step   310000] value_loss=3.6431  q_loss=21.6633  actor_loss=-12.1809  (91 it/s)
[step   311000] value_loss=3.5854  q_loss=26.6196  actor_loss=-2.5435  (93 it/s)
[step   312000] value_loss=4.4948  q_loss=19.1694  actor_loss=-1.0351  (96 it/s)
[step   313000] value_loss=3.1172  q_loss=21.3717  actor_loss=-6.1288  (94 it/s)
[step   314000] value_loss=2.3765  q_loss=63.5625  actor_loss=-5.8783  (89 it/s)
[step   315000] value_loss=2.6580  q_loss=22.6626  actor_loss=-12.7957  (89 it/s)
[step   316000] value_loss=3.5169  q_loss=19.3373  actor_loss=5.1444  (94 it/s)
[step   317000] value_loss=2.8422  q_loss=27.4849  actor_loss=-4.5198  (95 it/s)
[step   318000] value_loss=3.8420  q_loss=54.7119  actor_loss=-3.2690  (95 it/s)
[step   319000] value_loss=2.8576  q_loss=45.2525  actor_loss=-11.7834  (94 it/s)
[step   320000] value_loss=4.0049  q_loss=21.0549  actor_loss=-12.2734  (98 it/s)
[step   321000] value_loss=3.0275  q_loss=55.8512  actor_loss=3.2251  (92 it/s)
[step   322000] value_loss=2.7542  q_loss=23.1270  actor_loss=-3.7864  (92 it/s)
[step   323000] value_loss=4.0807  q_loss=21.1588  actor_loss=-9.4214  (93 it/s)
[step   324000] value_loss=2.2479  q_loss=30.3707  actor_loss=-4.7837  (94 it/s)
[step   325000] value_loss=2.9565  q_loss=56.4972  actor_loss=-6.3808  (85 it/s)
[step   326000] value_loss=2.3741  q_loss=22.7527  actor_loss=-3.5261  (91 it/s)
[step   327000] value_loss=5.1282  q_loss=26.9526  actor_loss=-11.9940  (93 it/s)
[step   328000] value_loss=1.9022  q_loss=15.6512  actor_loss=-12.8107  (91 it/s)
[step   329000] value_loss=3.5510  q_loss=30.2653  actor_loss=-8.3257  (86 it/s)
[step   330000] value_loss=3.8173  q_loss=14.4651  actor_loss=-5.2926  (95 it/s)
[step   331000] value_loss=3.0792  q_loss=26.2778  actor_loss=-4.4154  (90 it/s)
[step   332000] value_loss=5.3560  q_loss=18.0712  actor_loss=-9.4363  (100 it/s)
[step   333000] value_loss=3.0706  q_loss=20.0253  actor_loss=-8.5149  (88 it/s)
[step   334000] value_loss=2.1794  q_loss=26.5530  actor_loss=-10.5374  (88 it/s)
[step   335000] value_loss=6.5714  q_loss=30.1806  actor_loss=-6.5280  (88 it/s)
[step   336000] value_loss=2.5557  q_loss=11.7194  actor_loss=1.3967  (95 it/s)
[step   337000] value_loss=2.5827  q_loss=37.7038  actor_loss=-8.6987  (98 it/s)
[step   338000] value_loss=3.9470  q_loss=25.5839  actor_loss=-17.3510  (95 it/s)
[step   339000] value_loss=1.8840  q_loss=11.4482  actor_loss=-8.2807  (94 it/s)
[step   340000] value_loss=4.1903  q_loss=24.6731  actor_loss=-6.7651  (87 it/s)
[step   341000] value_loss=2.6109  q_loss=21.1120  actor_loss=-9.7429  (80 it/s)
[step   342000] value_loss=2.0561  q_loss=12.6099  actor_loss=1.3035  (85 it/s)
[step   343000] value_loss=3.2244  q_loss=45.2527  actor_loss=-8.9122  (87 it/s)
[step   344000] value_loss=3.2707  q_loss=29.1162  actor_loss=-5.2385  (93 it/s)
[step   345000] value_loss=4.8404  q_loss=29.3384  actor_loss=-3.9346  (95 it/s)
[step   346000] value_loss=3.7773  q_loss=26.5170  actor_loss=-14.4562  (89 it/s)
[step   347000] value_loss=9.8604  q_loss=38.3516  actor_loss=-1.2066  (90 it/s)
[step   348000] value_loss=3.1871  q_loss=19.1337  actor_loss=-8.7657  (91 it/s)
[step   349000] value_loss=2.6848  q_loss=22.1388  actor_loss=-6.6776  (84 it/s)
[step   350000] value_loss=3.2201  q_loss=15.3925  actor_loss=-1.7230  (94 it/s)
[step   351000] value_loss=3.5720  q_loss=37.2382  actor_loss=-6.2851  (86 it/s)
[step   352000] value_loss=1.9546  q_loss=60.4739  actor_loss=-8.4201  (88 it/s)
[step   353000] value_loss=5.5328  q_loss=21.1287  actor_loss=-11.0375  (96 it/s)
[step   354000] value_loss=4.8430  q_loss=30.4100  actor_loss=-5.2668  (98 it/s)
[step   355000] value_loss=3.7586  q_loss=42.3612  actor_loss=-10.6130  (95 it/s)
[step   356000] value_loss=5.5124  q_loss=48.0862  actor_loss=-10.4897  (89 it/s)
[step   357000] value_loss=2.6944  q_loss=15.6523  actor_loss=-1.8418  (86 it/s)
[step   358000] value_loss=2.5441  q_loss=28.4562  actor_loss=-9.0842  (91 it/s)
[step   359000] value_loss=2.2105  q_loss=24.7511  actor_loss=-9.1766  (94 it/s)
[step   360000] value_loss=5.1680  q_loss=65.8512  actor_loss=-8.6754  (86 it/s)
[step   361000] value_loss=4.3415  q_loss=18.2083  actor_loss=-10.4334  (90 it/s)
[step   362000] value_loss=3.8406  q_loss=19.2276  actor_loss=-1.3845  (91 it/s)
[step   363000] value_loss=4.6699  q_loss=19.2975  actor_loss=-8.9661  (92 it/s)
[step   364000] value_loss=1.9847  q_loss=15.5819  actor_loss=-5.4185  (88 it/s)
[step   365000] value_loss=2.5380  q_loss=17.6527  actor_loss=-3.2238  (91 it/s)
[step   366000] value_loss=3.7303  q_loss=20.2357  actor_loss=-6.3931  (91 it/s)
[step   367000] value_loss=3.9827  q_loss=17.4190  actor_loss=-8.4277  (94 it/s)
[step   368000] value_loss=3.3515  q_loss=37.7648  actor_loss=-4.7981  (96 it/s)
[step   369000] value_loss=4.4507  q_loss=26.6763  actor_loss=-8.8699  (93 it/s)
[step   370000] value_loss=4.1041  q_loss=25.7972  actor_loss=-3.7067  (90 it/s)
[step   371000] value_loss=3.1340  q_loss=22.1301  actor_loss=-7.4957  (93 it/s)
[step   372000] value_loss=3.4357  q_loss=19.1104  actor_loss=-9.0658  (88 it/s)
[step   373000] value_loss=2.0227  q_loss=18.5460  actor_loss=0.0597  (90 it/s)
[step   374000] value_loss=4.7228  q_loss=13.3781  actor_loss=-0.9928  (94 it/s)
[step   375000] value_loss=3.6223  q_loss=24.4955  actor_loss=-5.5461  (93 it/s)
[step   376000] value_loss=6.1792  q_loss=50.5004  actor_loss=-17.6410  (90 it/s)
[step   377000] value_loss=3.1203  q_loss=16.8619  actor_loss=-4.6016  (95 it/s)
[step   378000] value_loss=4.0428  q_loss=27.4426  actor_loss=-9.4765  (90 it/s)
[step   379000] value_loss=2.4006  q_loss=23.1257  actor_loss=-8.2465  (91 it/s)
[step   380000] value_loss=3.7954  q_loss=24.3876  actor_loss=-4.2257  (86 it/s)
[step   381000] value_loss=2.6171  q_loss=12.7921  actor_loss=-7.5961  (87 it/s)
[step   382000] value_loss=3.4020  q_loss=12.8443  actor_loss=-8.3510  (96 it/s)
[step   383000] value_loss=4.4458  q_loss=23.7090  actor_loss=-3.7617  (96 it/s)
[step   384000] value_loss=4.9253  q_loss=20.0844  actor_loss=-4.5961  (79 it/s)
[step   385000] value_loss=2.9032  q_loss=12.3850  actor_loss=-7.6176  (77 it/s)
[step   386000] value_loss=2.9768  q_loss=57.4777  actor_loss=-14.9935  (78 it/s)
[step   387000] value_loss=8.2026  q_loss=64.6704  actor_loss=-10.2698  (86 it/s)
[step   388000] value_loss=3.4226  q_loss=20.4477  actor_loss=-6.4760  (90 it/s)
[step   389000] value_loss=3.6607  q_loss=18.0705  actor_loss=-8.0379  (90 it/s)
[step   390000] value_loss=3.8844  q_loss=77.5369  actor_loss=-12.5885  (89 it/s)
[step   391000] value_loss=3.0440  q_loss=20.2123  actor_loss=-5.7169  (85 it/s)
[step   392000] value_loss=2.3676  q_loss=57.3722  actor_loss=-10.5831  (89 it/s)
[step   393000] value_loss=4.5007  q_loss=14.7769  actor_loss=-4.2611  (89 it/s)
[step   394000] value_loss=3.2709  q_loss=16.5465  actor_loss=-4.3290  (88 it/s)
[step   395000] value_loss=3.2283  q_loss=18.9808  actor_loss=-7.6299  (90 it/s)
[step   396000] value_loss=3.8001  q_loss=28.4856  actor_loss=-5.9952  (88 it/s)
[step   397000] value_loss=4.0024  q_loss=15.6254  actor_loss=-10.7984  (90 it/s)
[step   398000] value_loss=2.4351  q_loss=12.9028  actor_loss=-4.8662  (88 it/s)
[step   399000] value_loss=2.4172  q_loss=17.6886  actor_loss=-5.8557  (89 it/s)
[step   400000] value_loss=2.2192  q_loss=18.3269  actor_loss=-8.6100  (91 it/s)
[step   401000] value_loss=5.3356  q_loss=34.1163  actor_loss=-3.0458  (92 it/s)
[step   402000] value_loss=5.7047  q_loss=25.5386  actor_loss=0.1318  (93 it/s)
[step   403000] value_loss=6.9571  q_loss=34.5286  actor_loss=-10.7330  (93 it/s)
[step   404000] value_loss=3.9455  q_loss=19.7792  actor_loss=-8.7878  (94 it/s)
[step   405000] value_loss=2.4778  q_loss=53.1581  actor_loss=-10.8991  (93 it/s)
[step   406000] value_loss=3.7989  q_loss=51.0849  actor_loss=-14.6284  (98 it/s)
[step   407000] value_loss=4.8488  q_loss=33.7687  actor_loss=-3.3211  (93 it/s)
[step   408000] value_loss=2.5196  q_loss=24.2422  actor_loss=-7.7107  (88 it/s)
[step   409000] value_loss=2.8138  q_loss=16.9752  actor_loss=-0.4660  (80 it/s)
[step   410000] value_loss=5.2453  q_loss=24.4405  actor_loss=7.6350  (83 it/s)
[step   411000] value_loss=4.6578  q_loss=22.1230  actor_loss=-7.1101  (88 it/s)
[step   412000] value_loss=3.7944  q_loss=29.2246  actor_loss=-6.1981  (88 it/s)
[step   413000] value_loss=3.3007  q_loss=15.9832  actor_loss=1.8027  (86 it/s)
[step   414000] value_loss=1.9084  q_loss=15.9250  actor_loss=-7.2457  (91 it/s)
[step   415000] value_loss=5.1847  q_loss=69.0146  actor_loss=-12.1465  (95 it/s)
[step   416000] value_loss=3.7578  q_loss=32.2844  actor_loss=-8.1675  (94 it/s)
[step   417000] value_loss=5.8602  q_loss=24.5188  actor_loss=-7.2987  (98 it/s)
[step   418000] value_loss=3.1216  q_loss=16.6311  actor_loss=-14.5684  (96 it/s)
[step   419000] value_loss=3.4106  q_loss=20.2225  actor_loss=-12.2402  (97 it/s)
[step   420000] value_loss=2.4275  q_loss=55.6254  actor_loss=-7.9687  (94 it/s)
[step   421000] value_loss=4.7145  q_loss=49.5972  actor_loss=-7.7726  (88 it/s)
[step   422000] value_loss=4.8514  q_loss=67.0783  actor_loss=-3.4419  (89 it/s)
[step   423000] value_loss=3.8792  q_loss=14.0900  actor_loss=0.1121  (95 it/s)
[step   424000] value_loss=4.1060  q_loss=24.6026  actor_loss=-7.7545  (92 it/s)
[step   425000] value_loss=3.2499  q_loss=26.4391  actor_loss=-6.1841  (87 it/s)
[step   426000] value_loss=6.3323  q_loss=59.0526  actor_loss=-9.7393  (90 it/s)
[step   427000] value_loss=2.7123  q_loss=14.7022  actor_loss=5.2281  (87 it/s)
[step   428000] value_loss=3.2607  q_loss=22.8855  actor_loss=-6.9827  (94 it/s)
[step   429000] value_loss=3.1402  q_loss=24.2014  actor_loss=-10.9327  (90 it/s)
[step   430000] value_loss=3.4968  q_loss=19.3726  actor_loss=-10.5214  (86 it/s)
[step   431000] value_loss=4.3129  q_loss=24.4989  actor_loss=-8.8865  (83 it/s)
[step   432000] value_loss=2.6833  q_loss=13.8941  actor_loss=-8.2265  (86 it/s)
[step   433000] value_loss=2.1484  q_loss=52.7572  actor_loss=-5.8209  (88 it/s)
[step   434000] value_loss=5.0115  q_loss=36.9610  actor_loss=-9.1766  (89 it/s)
[step   435000] value_loss=3.6035  q_loss=23.1981  actor_loss=-6.3111  (96 it/s)
[step   436000] value_loss=3.5476  q_loss=16.1898  actor_loss=-12.5380  (94 it/s)
[step   437000] value_loss=7.2895  q_loss=62.7360  actor_loss=-4.7041  (93 it/s)
[step   438000] value_loss=5.4881  q_loss=20.3400  actor_loss=-6.0966  (94 it/s)
[step   439000] value_loss=3.9912  q_loss=31.0970  actor_loss=-6.6671  (96 it/s)
[step   440000] value_loss=3.9376  q_loss=20.6723  actor_loss=-5.4824  (85 it/s)
[step   441000] value_loss=2.0553  q_loss=12.4478  actor_loss=3.0138  (87 it/s)
[step   442000] value_loss=3.0348  q_loss=36.2481  actor_loss=-2.8202  (87 it/s)
[step   443000] value_loss=2.4071  q_loss=24.1681  actor_loss=-7.1867  (84 it/s)
[step   444000] value_loss=6.5482  q_loss=25.6021  actor_loss=-8.2977  (82 it/s)
[step   445000] value_loss=8.2569  q_loss=32.7007  actor_loss=-2.7628  (92 it/s)
[step   446000] value_loss=3.3609  q_loss=21.4332  actor_loss=1.7127  (95 it/s)
[step   447000] value_loss=6.1744  q_loss=20.3584  actor_loss=-5.5503  (95 it/s)
[step   448000] value_loss=6.8050  q_loss=18.6694  actor_loss=-9.3901  (95 it/s)
[step   449000] value_loss=4.2217  q_loss=31.3926  actor_loss=-5.4919  (97 it/s)
[step   450000] value_loss=5.3908  q_loss=18.4320  actor_loss=-2.5199  (96 it/s)
[step   451000] value_loss=6.1795  q_loss=69.8997  actor_loss=-7.6238  (91 it/s)
[step   452000] value_loss=3.9670  q_loss=23.1770  actor_loss=-4.2140  (91 it/s)
[step   453000] value_loss=7.0881  q_loss=48.8930  actor_loss=-9.1537  (85 it/s)
[step   454000] value_loss=2.6185  q_loss=24.2619  actor_loss=-11.5717  (90 it/s)
[step   455000] value_loss=4.9100  q_loss=16.9216  actor_loss=-2.4545  (97 it/s)
[step   456000] value_loss=3.2880  q_loss=22.8398  actor_loss=-4.1184  (90 it/s)
[step   457000] value_loss=3.6634  q_loss=20.2863  actor_loss=-3.5610  (92 it/s)
[step   458000] value_loss=3.5158  q_loss=13.3916  actor_loss=-4.6304  (92 it/s)
[step   459000] value_loss=2.5733  q_loss=22.7603  actor_loss=-4.3111  (87 it/s)
[step   460000] value_loss=3.8696  q_loss=17.4856  actor_loss=-8.8726  (93 it/s)
[step   461000] value_loss=2.1033  q_loss=24.4183  actor_loss=1.5879  (87 it/s)
[step   462000] value_loss=2.3764  q_loss=47.3345  actor_loss=-4.3005  (92 it/s)
[step   463000] value_loss=3.1268  q_loss=50.8336  actor_loss=-8.0394  (92 it/s)
[step   464000] value_loss=3.7835  q_loss=19.8062  actor_loss=-7.9779  (85 it/s)
[step   465000] value_loss=3.5265  q_loss=13.0380  actor_loss=-10.9474  (95 it/s)
[step   466000] value_loss=3.3843  q_loss=20.4244  actor_loss=-0.1102  (91 it/s)
[step   467000] value_loss=4.3517  q_loss=15.7928  actor_loss=-13.5642  (87 it/s)
[step   468000] value_loss=1.8354  q_loss=52.4283  actor_loss=-4.4417  (87 it/s)
[step   469000] value_loss=3.2318  q_loss=13.0058  actor_loss=-12.5478  (85 it/s)
[step   470000] value_loss=2.8613  q_loss=13.8012  actor_loss=-5.9178  (89 it/s)
[step   471000] value_loss=9.3413  q_loss=24.0741  actor_loss=-9.8167  (93 it/s)
[step   472000] value_loss=3.3031  q_loss=20.0808  actor_loss=2.8143  (92 it/s)
[step   473000] value_loss=2.5554  q_loss=20.4037  actor_loss=-9.2211  (87 it/s)
[step   474000] value_loss=6.5723  q_loss=17.2314  actor_loss=-0.3802  (96 it/s)
[step   475000] value_loss=4.8934  q_loss=29.7552  actor_loss=-3.6533  (80 it/s)
[step   476000] value_loss=3.5165  q_loss=13.3529  actor_loss=-6.1617  (87 it/s)
[step   477000] value_loss=3.1536  q_loss=21.9840  actor_loss=-2.8461  (91 it/s)
[step   478000] value_loss=3.3716  q_loss=11.7171  actor_loss=-8.8101  (88 it/s)
[step   479000] value_loss=3.0765  q_loss=13.7142  actor_loss=-3.7032  (87 it/s)
[step   480000] value_loss=5.2597  q_loss=18.5749  actor_loss=-2.6164  (92 it/s)
[step   481000] value_loss=2.4476  q_loss=14.6675  actor_loss=-5.1688  (91 it/s)
[step   482000] value_loss=3.9170  q_loss=64.1248  actor_loss=-9.8587  (90 it/s)
[step   483000] value_loss=4.9289  q_loss=33.5605  actor_loss=-8.0221  (89 it/s)
[step   484000] value_loss=4.8183  q_loss=18.5540  actor_loss=-8.3706  (86 it/s)
[step   485000] value_loss=6.3840  q_loss=20.6509  actor_loss=-8.3588  (87 it/s)
[step   486000] value_loss=7.7037  q_loss=31.9316  actor_loss=-9.2568  (79 it/s)
[step   487000] value_loss=6.3749  q_loss=36.1281  actor_loss=-6.3532  (87 it/s)
[step   488000] value_loss=2.8347  q_loss=17.8588  actor_loss=-7.0227  (97 it/s)
[step   489000] value_loss=4.4978  q_loss=27.3195  actor_loss=-8.4405  (85 it/s)
[step   490000] value_loss=5.2406  q_loss=17.7351  actor_loss=-0.7380  (88 it/s)
[step   491000] value_loss=4.5510  q_loss=23.2237  actor_loss=-5.9950  (88 it/s)
[step   492000] value_loss=5.7422  q_loss=15.5138  actor_loss=2.1343  (83 it/s)
[step   493000] value_loss=3.2169  q_loss=30.6520  actor_loss=-5.7489  (82 it/s)
[step   494000] value_loss=4.2458  q_loss=22.0365  actor_loss=-8.4833  (85 it/s)
[step   495000] value_loss=3.9253  q_loss=32.0511  actor_loss=-9.9544  (79 it/s)
[step   496000] value_loss=7.3622  q_loss=19.8011  actor_loss=-14.4063  (87 it/s)
[step   497000] value_loss=1.9577  q_loss=16.2748  actor_loss=-10.2331  (89 it/s)
[step   498000] value_loss=5.5801  q_loss=34.2876  actor_loss=-3.3780  (91 it/s)
[step   499000] value_loss=5.0718  q_loss=27.9795  actor_loss=-8.3502  (95 it/s)
[step   500000] value_loss=3.0384  q_loss=19.9039  actor_loss=-1.8663  (89 it/s)
[step   501000] value_loss=3.5201  q_loss=20.5233  actor_loss=-4.1666  (90 it/s)
[step   502000] value_loss=2.4501  q_loss=18.3122  actor_loss=-11.7441  (94 it/s)
[step   503000] value_loss=7.6366  q_loss=55.1779  actor_loss=-3.4472  (91 it/s)
[step   504000] value_loss=5.7633  q_loss=20.6186  actor_loss=-4.2983  (92 it/s)
[step   505000] value_loss=4.6000  q_loss=62.6683  actor_loss=-3.7284  (88 it/s)
[step   506000] value_loss=2.5963  q_loss=13.6912  actor_loss=-6.6041  (87 it/s)
[step   507000] value_loss=4.4288  q_loss=22.7421  actor_loss=-6.3584  (81 it/s)
[step   508000] value_loss=3.5297  q_loss=21.6976  actor_loss=-2.2968  (93 it/s)
[step   509000] value_loss=2.8133  q_loss=55.9640  actor_loss=-6.5708  (92 it/s)
[step   510000] value_loss=3.4215  q_loss=12.3188  actor_loss=-2.9229  (90 it/s)
[step   511000] value_loss=9.0293  q_loss=16.8901  actor_loss=-11.6184  (86 it/s)
[step   512000] value_loss=5.8472  q_loss=20.9549  actor_loss=-7.7520  (93 it/s)
[step   513000] value_loss=3.1216  q_loss=59.1476  actor_loss=-1.3917  (97 it/s)
[step   514000] value_loss=4.3813  q_loss=20.9110  actor_loss=-2.5548  (91 it/s)
[step   515000] value_loss=4.6866  q_loss=19.0648  actor_loss=-10.1557  (95 it/s)
[step   516000] value_loss=6.6023  q_loss=21.2264  actor_loss=-4.9273  (93 it/s)
[step   517000] value_loss=3.3374  q_loss=22.0269  actor_loss=-4.4433  (85 it/s)
[step   518000] value_loss=3.9676  q_loss=16.1223  actor_loss=-8.9496  (95 it/s)
[step   519000] value_loss=3.5377  q_loss=18.2966  actor_loss=-2.0274  (99 it/s)
[step   520000] value_loss=3.3112  q_loss=11.4332  actor_loss=-8.5329  (97 it/s)
[step   521000] value_loss=2.4412  q_loss=48.6763  actor_loss=-4.6029  (93 it/s)
[step   522000] value_loss=3.7192  q_loss=22.1710  actor_loss=-1.3427  (91 it/s)
[step   523000] value_loss=2.9500  q_loss=27.3249  actor_loss=-8.6610  (100 it/s)
[step   524000] value_loss=3.3586  q_loss=59.5221  actor_loss=-6.3431  (92 it/s)
[step   525000] value_loss=3.0339  q_loss=22.4053  actor_loss=-8.6167  (85 it/s)
[step   526000] value_loss=2.8512  q_loss=15.3139  actor_loss=-3.9822  (89 it/s)
[step   527000] value_loss=2.4504  q_loss=72.5995  actor_loss=-3.1538  (92 it/s)
[step   528000] value_loss=2.7555  q_loss=12.9070  actor_loss=-11.9525  (89 it/s)
[step   529000] value_loss=3.3779  q_loss=47.1149  actor_loss=-7.1320  (89 it/s)
[step   530000] value_loss=3.3751  q_loss=24.2368  actor_loss=-7.4670  (93 it/s)
[step   531000] value_loss=4.1440  q_loss=22.2782  actor_loss=-10.8334  (94 it/s)
[step   532000] value_loss=2.6357  q_loss=92.7126  actor_loss=-5.1346  (83 it/s)
[step   533000] value_loss=4.6424  q_loss=15.5307  actor_loss=-4.0637  (95 it/s)
[step   534000] value_loss=2.8172  q_loss=28.8766  actor_loss=-2.4529  (95 it/s)
[step   535000] value_loss=5.4477  q_loss=68.7676  actor_loss=-8.6910  (93 it/s)
[step   536000] value_loss=2.6715  q_loss=16.1733  actor_loss=-11.4443  (91 it/s)
[step   537000] value_loss=3.1886  q_loss=19.8357  actor_loss=-5.9898  (95 it/s)
[step   538000] value_loss=3.2968  q_loss=13.1768  actor_loss=-11.8647  (90 it/s)
[step   539000] value_loss=3.6264  q_loss=24.1705  actor_loss=-8.4356  (89 it/s)
[step   540000] value_loss=7.2136  q_loss=30.7241  actor_loss=-10.7045  (86 it/s)
[step   541000] value_loss=4.5080  q_loss=20.2089  actor_loss=-3.3004  (95 it/s)
[step   542000] value_loss=3.0218  q_loss=13.2443  actor_loss=-8.4165  (84 it/s)
[step   543000] value_loss=3.7663  q_loss=24.3434  actor_loss=-5.5365  (88 it/s)
[step   544000] value_loss=4.0142  q_loss=48.0861  actor_loss=-3.3852  (95 it/s)
[step   545000] value_loss=3.2481  q_loss=19.0143  actor_loss=-10.2980  (89 it/s)
[step   546000] value_loss=4.6408  q_loss=24.0568  actor_loss=13.8150  (83 it/s)
[step   547000] value_loss=3.9220  q_loss=29.7102  actor_loss=-7.6358  (91 it/s)
[step   548000] value_loss=3.2388  q_loss=14.3119  actor_loss=-7.7089  (96 it/s)
[step   549000] value_loss=6.4992  q_loss=21.6391  actor_loss=-11.4744  (92 it/s)
[step   550000] value_loss=2.5418  q_loss=11.4442  actor_loss=-4.9203  (94 it/s)
[step   551000] value_loss=4.6180  q_loss=15.9577  actor_loss=-1.1966  (88 it/s)
[step   552000] value_loss=1.7281  q_loss=15.4903  actor_loss=-6.0243  (95 it/s)
[step   553000] value_loss=2.6137  q_loss=17.9962  actor_loss=-6.6240  (86 it/s)
[step   554000] value_loss=5.8388  q_loss=27.1579  actor_loss=-11.5141  (92 it/s)
[step   555000] value_loss=3.4757  q_loss=18.4633  actor_loss=-10.4059  (93 it/s)
[step   556000] value_loss=3.2719  q_loss=20.8843  actor_loss=-8.5987  (92 it/s)
[step   557000] value_loss=3.0564  q_loss=11.4045  actor_loss=-5.2462  (94 it/s)
[step   558000] value_loss=3.4750  q_loss=56.2413  actor_loss=-11.5363  (89 it/s)
[step   559000] value_loss=3.7329  q_loss=25.1337  actor_loss=2.8162  (90 it/s)
[step   560000] value_loss=6.2207  q_loss=16.4422  actor_loss=-6.7506  (88 it/s)
[step   561000] value_loss=4.2322  q_loss=22.9061  actor_loss=-5.7225  (81 it/s)
[step   562000] value_loss=3.0936  q_loss=17.9547  actor_loss=-12.0211  (83 it/s)
[step   563000] value_loss=4.8414  q_loss=33.4287  actor_loss=-7.6547  (90 it/s)
[step   564000] value_loss=3.8551  q_loss=23.0174  actor_loss=-2.0770  (86 it/s)
[step   565000] value_loss=5.0152  q_loss=22.2566  actor_loss=-12.7723  (90 it/s)
[step   566000] value_loss=4.0161  q_loss=16.8293  actor_loss=-13.2275  (84 it/s)
[step   567000] value_loss=4.7607  q_loss=27.4662  actor_loss=-8.3595  (97 it/s)
[step   568000] value_loss=8.6027  q_loss=19.0593  actor_loss=-4.6638  (85 it/s)
[step   569000] value_loss=3.9432  q_loss=55.8751  actor_loss=-7.1817  (86 it/s)
[step   570000] value_loss=4.1238  q_loss=14.2848  actor_loss=-5.7807  (89 it/s)
[step   571000] value_loss=5.6330  q_loss=30.5951  actor_loss=-3.2175  (84 it/s)
[step   572000] value_loss=3.0948  q_loss=20.8471  actor_loss=-6.2868  (93 it/s)
[step   573000] value_loss=4.2205  q_loss=16.3430  actor_loss=4.1865  (87 it/s)
[step   574000] value_loss=4.2283  q_loss=23.1824  actor_loss=-5.6285  (95 it/s)
[step   575000] value_loss=6.9251  q_loss=20.4684  actor_loss=5.4058  (98 it/s)
[step   576000] value_loss=2.6040  q_loss=14.4028  actor_loss=-9.4247  (96 it/s)
[step   577000] value_loss=2.1687  q_loss=24.8601  actor_loss=-14.5042  (91 it/s)
[step   578000] value_loss=6.0400  q_loss=17.8977  actor_loss=-10.1361  (90 it/s)
[step   579000] value_loss=5.2490  q_loss=39.5288  actor_loss=-0.1298  (102 it/s)
[step   580000] value_loss=4.8903  q_loss=13.8810  actor_loss=-2.0291  (101 it/s)
[step   581000] value_loss=3.5894  q_loss=28.0638  actor_loss=-2.1515  (97 it/s)
[step   582000] value_loss=3.0348  q_loss=14.5248  actor_loss=-10.1868  (90 it/s)
[step   583000] value_loss=4.6014  q_loss=62.5352  actor_loss=-6.2878  (90 it/s)
[step   584000] value_loss=4.1030  q_loss=16.1186  actor_loss=-9.0103  (85 it/s)
[step   585000] value_loss=2.1626  q_loss=8.9820  actor_loss=-5.6033  (83 it/s)
[step   586000] value_loss=2.4582  q_loss=14.4661  actor_loss=-6.8402  (93 it/s)
[step   587000] value_loss=5.0867  q_loss=22.2482  actor_loss=-5.0726  (94 it/s)
[step   588000] value_loss=3.1015  q_loss=13.5760  actor_loss=0.4069  (95 it/s)
[step   589000] value_loss=3.7845  q_loss=16.2507  actor_loss=-5.0439  (96 it/s)
[step   590000] value_loss=2.5428  q_loss=18.2236  actor_loss=-5.3792  (94 it/s)
[step   591000] value_loss=2.0592  q_loss=18.6305  actor_loss=9.5917  (90 it/s)
[step   592000] value_loss=1.6930  q_loss=10.7072  actor_loss=-4.7301  (96 it/s)
[step   593000] value_loss=6.4600  q_loss=61.2423  actor_loss=-12.9947  (88 it/s)
[step   594000] value_loss=9.0056  q_loss=24.8126  actor_loss=-7.6767  (90 it/s)
[step   595000] value_loss=3.2142  q_loss=53.3140  actor_loss=-6.9446  (94 it/s)
[step   596000] value_loss=3.5318  q_loss=14.1120  actor_loss=-9.2991  (87 it/s)
[step   597000] value_loss=3.5072  q_loss=49.4500  actor_loss=-5.2025  (83 it/s)
[step   598000] value_loss=4.9599  q_loss=23.2802  actor_loss=-1.2869  (94 it/s)
[step   599000] value_loss=4.6182  q_loss=25.3253  actor_loss=-8.1924  (91 it/s)
[step   600000] value_loss=6.7554  q_loss=92.3352  actor_loss=-7.7713  (84 it/s)
--- 학습 완료: 600000 steps, 3323.1s, out=runs/d4_iql_stitch_rc ---
train_iql.py:174: FutureWarning: You are using `torch.load` with `weights_only=False` (the current default value), which uses the default pickle module implicitly. It is possible to construct malicious pickle data which will execute arbitrary code during unpickling (See https://github.com/pytorch/pytorch/blob/main/SECURITY.md#untrusted-models for more details). In a future release, the default value for `weights_only` will be flipped to `True`. This limits the functions that could be executed during unpickling. Arbitrary objects will no longer be allowed to be loaded via this mode unless they are explicitly allowlisted by the user via `torch.serialization.add_safe_globals`. We recommend you start setting `weights_only=True` for any use case where you don't have full control of the loaded file. Please open an issue on GitHub for any issues related to this experimental feature.
  sd = torch.load(latest_path, map_location=args.device)
