[f1tenth] datasets=['cap10_full', 'cap15', 'cap20', 'cap15_rc', 'cap20_rc']  ep=1684(완주 30/충돌 1654)  transitions=1023639  obs_dim=133  act_dim=2  terminals=1654
           harmonize→v_common=20.0 (수집 v_max={'cap10_full': 10.0, 'cap15': 15.0, 'cap20': 20.0, 'cap15_rc': 15.0, 'cap20_rc': 20.0})
           steer[min,max]=[-1.000,1.000]  speed[min,max]=[-1.000,1.000]  reward[min,mean,max]=[-50.00,0.243,100.50]
[norm] mean/std 계산·저장 → runs/d4_iql_stitch_rc/obs_norm.npz
Dataset size: 1023639
--- IQL 학습 시작: datasets=['cap10_full', 'cap15', 'cap20', 'cap15_rc', 'cap20_rc'] N=1023639 obs=133 act=2 γ=0.999 β=3.0 τ=0.7 actor=gauss dev=cuda steps[0→300000] ---
[step     1000] value_loss=0.0019  q_loss=0.2048  actor_loss=1.3749  (129 it/s)
[step     2000] value_loss=0.0070  q_loss=0.4525  actor_loss=0.7520  (172 it/s)
[step     3000] value_loss=0.0488  q_loss=0.6498  actor_loss=1.3335  (162 it/s)
[step     4000] value_loss=0.0343  q_loss=1.0972  actor_loss=0.4398  (132 it/s)
[step     5000] value_loss=0.0662  q_loss=5.4013  actor_loss=0.0410  (140 it/s)
[step     6000] value_loss=0.1413  q_loss=1.2295  actor_loss=0.6394  (152 it/s)
[step     7000] value_loss=0.1008  q_loss=11.1040  actor_loss=0.0873  (128 it/s)
[step     8000] value_loss=0.1284  q_loss=2.2462  actor_loss=0.2717  (159 it/s)
[step     9000] value_loss=0.4552  q_loss=4.3585  actor_loss=-0.0623  (147 it/s)
[step    10000] value_loss=0.2300  q_loss=1.6172  actor_loss=0.5911  (167 it/s)
[step    11000] value_loss=0.1168  q_loss=7.4942  actor_loss=-0.3240  (170 it/s)
[step    12000] value_loss=0.1270  q_loss=4.7795  actor_loss=-0.2253  (121 it/s)
[step    13000] value_loss=0.3066  q_loss=4.1124  actor_loss=-1.2967  (145 it/s)
[step    14000] value_loss=0.1405  q_loss=4.4542  actor_loss=-0.1379  (118 it/s)
[step    15000] value_loss=0.1780  q_loss=3.1068  actor_loss=-1.0372  (125 it/s)
[step    16000] value_loss=0.3907  q_loss=8.2911  actor_loss=1.6313  (148 it/s)
[step    17000] value_loss=0.1945  q_loss=3.1455  actor_loss=1.2222  (162 it/s)
[step    18000] value_loss=0.1690  q_loss=2.7734  actor_loss=1.4912  (153 it/s)
[step    19000] value_loss=0.2506  q_loss=3.1650  actor_loss=-0.4109  (117 it/s)
[step    20000] value_loss=0.4072  q_loss=82.9962  actor_loss=1.3445  (149 it/s)
[step    21000] value_loss=0.6975  q_loss=26.4943  actor_loss=0.0678  (160 it/s)
[step    22000] value_loss=0.2724  q_loss=8.6528  actor_loss=-2.1494  (136 it/s)
[step    23000] value_loss=0.3429  q_loss=7.6926  actor_loss=-1.1380  (144 it/s)
[step    24000] value_loss=0.4369  q_loss=6.3148  actor_loss=-0.3308  (123 it/s)
[step    25000] value_loss=0.3287  q_loss=13.7804  actor_loss=-1.0428  (125 it/s)
[step    26000] value_loss=0.3060  q_loss=3.3195  actor_loss=-1.4669  (158 it/s)
[step    27000] value_loss=0.3434  q_loss=4.7037  actor_loss=0.6093  (169 it/s)
[step    28000] value_loss=0.4844  q_loss=4.7997  actor_loss=-2.5136  (169 it/s)
[step    29000] value_loss=0.4491  q_loss=4.5992  actor_loss=-2.5788  (169 it/s)
[step    30000] value_loss=0.3186  q_loss=3.6874  actor_loss=-0.6595  (175 it/s)
[step    31000] value_loss=0.4158  q_loss=10.6468  actor_loss=4.3285  (166 it/s)
[step    32000] value_loss=0.3977  q_loss=6.0721  actor_loss=0.4592  (170 it/s)
[step    33000] value_loss=0.4180  q_loss=3.9940  actor_loss=-1.7713  (172 it/s)
[step    34000] value_loss=0.7573  q_loss=6.3156  actor_loss=-0.6441  (174 it/s)
[step    35000] value_loss=0.5324  q_loss=6.2738  actor_loss=-0.5162  (174 it/s)
[step    36000] value_loss=0.6183  q_loss=30.3407  actor_loss=-2.9464  (174 it/s)
[step    37000] value_loss=0.5473  q_loss=4.3210  actor_loss=-1.9799  (172 it/s)
[step    38000] value_loss=0.7024  q_loss=9.5921  actor_loss=-0.3347  (144 it/s)
[step    39000] value_loss=0.8377  q_loss=4.8890  actor_loss=-2.3121  (142 it/s)
[step    40000] value_loss=0.5899  q_loss=6.6876  actor_loss=-2.0333  (157 it/s)
[step    41000] value_loss=0.5310  q_loss=6.4370  actor_loss=-1.2950  (154 it/s)
[step    42000] value_loss=0.7355  q_loss=7.6260  actor_loss=0.5782  (122 it/s)
[step    43000] value_loss=0.6256  q_loss=5.7932  actor_loss=-1.6152  (115 it/s)
[step    44000] value_loss=0.8517  q_loss=9.5931  actor_loss=1.5591  (174 it/s)
[step    45000] value_loss=0.7920  q_loss=6.4234  actor_loss=-0.3955  (173 it/s)
[step    46000] value_loss=0.6757  q_loss=7.6668  actor_loss=-1.8959  (126 it/s)
[step    47000] value_loss=0.9396  q_loss=9.2874  actor_loss=3.3628  (120 it/s)
[step    48000] value_loss=0.6487  q_loss=10.4646  actor_loss=-0.2631  (115 it/s)
[step    49000] value_loss=0.9079  q_loss=11.5156  actor_loss=-3.8621  (120 it/s)
[step    50000] value_loss=0.6681  q_loss=9.7484  actor_loss=4.9724  (122 it/s)
[step    51000] value_loss=0.8017  q_loss=6.4203  actor_loss=-3.1087  (119 it/s)
[step    52000] value_loss=1.7030  q_loss=18.1318  actor_loss=1.8074  (121 it/s)
[step    53000] value_loss=0.8802  q_loss=8.8249  actor_loss=-2.6688  (126 it/s)
[step    54000] value_loss=0.5874  q_loss=5.7138  actor_loss=-1.4152  (117 it/s)
[step    55000] value_loss=0.7449  q_loss=12.7926  actor_loss=1.0302  (119 it/s)
[step    56000] value_loss=1.1424  q_loss=56.5451  actor_loss=-1.4824  (115 it/s)
[step    57000] value_loss=0.6029  q_loss=5.7276  actor_loss=-2.2260  (122 it/s)
[step    58000] value_loss=0.9786  q_loss=47.6970  actor_loss=0.1469  (123 it/s)
[step    59000] value_loss=1.4288  q_loss=13.2603  actor_loss=-2.6944  (109 it/s)
[step    60000] value_loss=0.9159  q_loss=13.2327  actor_loss=-0.3706  (116 it/s)
[step    61000] value_loss=1.1413  q_loss=8.8723  actor_loss=-2.9959  (125 it/s)
[step    62000] value_loss=2.0492  q_loss=13.5667  actor_loss=-3.4280  (118 it/s)
[step    63000] value_loss=0.8972  q_loss=11.4400  actor_loss=-2.7454  (120 it/s)
[step    64000] value_loss=1.0980  q_loss=13.2403  actor_loss=-4.2487  (118 it/s)
[step    65000] value_loss=1.0071  q_loss=9.1056  actor_loss=-0.5364  (109 it/s)
[step    66000] value_loss=2.4078  q_loss=49.6202  actor_loss=-5.2137  (118 it/s)
[step    67000] value_loss=1.8655  q_loss=25.2092  actor_loss=-1.7890  (115 it/s)
[step    68000] value_loss=1.8870  q_loss=7.1856  actor_loss=0.7997  (117 it/s)
[step    69000] value_loss=1.5863  q_loss=12.5972  actor_loss=-2.9578  (123 it/s)
[step    70000] value_loss=2.9685  q_loss=47.5188  actor_loss=1.5894  (126 it/s)
[step    71000] value_loss=1.0331  q_loss=10.2256  actor_loss=-3.9020  (119 it/s)
[step    72000] value_loss=1.4138  q_loss=10.4006  actor_loss=-4.7430  (120 it/s)
[step    73000] value_loss=1.8883  q_loss=11.0626  actor_loss=-0.7452  (122 it/s)
[step    74000] value_loss=0.9760  q_loss=8.8404  actor_loss=-1.4341  (122 it/s)
[step    75000] value_loss=1.1495  q_loss=17.3548  actor_loss=-3.1083  (122 it/s)
[step    76000] value_loss=1.3379  q_loss=24.9120  actor_loss=-8.0664  (122 it/s)
[step    77000] value_loss=4.1403  q_loss=12.7649  actor_loss=-2.5085  (122 it/s)
[step    78000] value_loss=1.5592  q_loss=9.9807  actor_loss=-5.6133  (126 it/s)
[step    79000] value_loss=1.5815  q_loss=13.1845  actor_loss=-2.8555  (127 it/s)
[step    80000] value_loss=1.0822  q_loss=13.6568  actor_loss=-3.0027  (125 it/s)
[step    81000] value_loss=2.5100  q_loss=80.6435  actor_loss=-3.0401  (123 it/s)
[step    82000] value_loss=1.0385  q_loss=16.1575  actor_loss=-0.4172  (120 it/s)
[step    83000] value_loss=1.3137  q_loss=6.5678  actor_loss=-5.5067  (122 it/s)
[step    84000] value_loss=1.2968  q_loss=9.7358  actor_loss=-2.4722  (117 it/s)
[step    85000] value_loss=1.0381  q_loss=45.4531  actor_loss=-3.3974  (128 it/s)
[step    86000] value_loss=2.5201  q_loss=52.0797  actor_loss=-5.2170  (124 it/s)
[step    87000] value_loss=1.1958  q_loss=17.7275  actor_loss=-5.1673  (135 it/s)
[step    88000] value_loss=2.0678  q_loss=15.2925  actor_loss=0.4046  (126 it/s)
[step    89000] value_loss=1.6533  q_loss=14.8266  actor_loss=2.7941  (130 it/s)
[step    90000] value_loss=1.6230  q_loss=14.2661  actor_loss=-1.5546  (127 it/s)
[step    91000] value_loss=2.6040  q_loss=23.1607  actor_loss=-3.8857  (123 it/s)
[step    92000] value_loss=1.5887  q_loss=14.7480  actor_loss=7.8395  (130 it/s)
[step    93000] value_loss=1.6771  q_loss=8.9380  actor_loss=-4.9789  (121 it/s)
[step    94000] value_loss=1.3431  q_loss=11.4404  actor_loss=-2.4431  (122 it/s)
[step    95000] value_loss=0.7637  q_loss=64.8878  actor_loss=-1.0520  (123 it/s)
[step    96000] value_loss=1.7711  q_loss=10.1160  actor_loss=-2.9603  (124 it/s)
[step    97000] value_loss=1.6037  q_loss=18.7684  actor_loss=-9.4631  (120 it/s)
[step    98000] value_loss=1.8401  q_loss=11.0269  actor_loss=-0.8080  (129 it/s)
[step    99000] value_loss=1.5882  q_loss=18.3097  actor_loss=-3.8011  (136 it/s)
[step   100000] value_loss=2.4261  q_loss=18.8940  actor_loss=-2.3231  (131 it/s)
[step   101000] value_loss=1.4426  q_loss=11.1771  actor_loss=-5.3384  (147 it/s)
[step   102000] value_loss=2.2161  q_loss=23.7966  actor_loss=-1.8493  (129 it/s)
[step   103000] value_loss=1.2369  q_loss=18.4623  actor_loss=0.5169  (122 it/s)
[step   104000] value_loss=2.3722  q_loss=16.6226  actor_loss=-2.9758  (121 it/s)
[step   105000] value_loss=2.1549  q_loss=14.6207  actor_loss=-4.9177  (122 it/s)
[step   106000] value_loss=2.1475  q_loss=15.4908  actor_loss=-9.2957  (126 it/s)
[step   107000] value_loss=1.7213  q_loss=12.3638  actor_loss=-7.7013  (123 it/s)
[step   108000] value_loss=1.0160  q_loss=10.7441  actor_loss=-7.9795  (121 it/s)
[step   109000] value_loss=1.6189  q_loss=13.5737  actor_loss=-3.5201  (121 it/s)
[step   110000] value_loss=2.4405  q_loss=15.0103  actor_loss=-4.4005  (131 it/s)
[step   111000] value_loss=2.7346  q_loss=29.3011  actor_loss=-7.7799  (121 it/s)
[step   112000] value_loss=1.0721  q_loss=9.9579  actor_loss=-4.8336  (126 it/s)
[step   113000] value_loss=1.7436  q_loss=17.7281  actor_loss=-5.9043  (128 it/s)
[step   114000] value_loss=2.7687  q_loss=29.7000  actor_loss=-8.5716  (130 it/s)
[step   115000] value_loss=1.3085  q_loss=14.6585  actor_loss=-5.7043  (125 it/s)
[step   116000] value_loss=1.8055  q_loss=116.7561  actor_loss=-0.0678  (124 it/s)
[step   117000] value_loss=1.3880  q_loss=9.9030  actor_loss=-7.1932  (122 it/s)
[step   118000] value_loss=1.2316  q_loss=50.9968  actor_loss=-5.0577  (126 it/s)
[step   119000] value_loss=2.5783  q_loss=45.8699  actor_loss=5.0795  (119 it/s)
[step   120000] value_loss=2.2046  q_loss=18.3986  actor_loss=-6.8889  (119 it/s)
[step   121000] value_loss=2.2385  q_loss=20.8740  actor_loss=-5.6515  (115 it/s)
[step   122000] value_loss=3.8831  q_loss=15.0733  actor_loss=-5.3993  (114 it/s)
[step   123000] value_loss=1.9596  q_loss=18.4330  actor_loss=-6.9873  (121 it/s)
[step   124000] value_loss=3.3797  q_loss=18.7098  actor_loss=-1.6051  (128 it/s)
[step   125000] value_loss=1.7395  q_loss=19.4181  actor_loss=-13.7844  (125 it/s)
[step   126000] value_loss=1.5887  q_loss=12.4538  actor_loss=-2.2089  (137 it/s)
[step   127000] value_loss=2.0837  q_loss=16.3228  actor_loss=-0.7769  (135 it/s)
[step   128000] value_loss=3.3460  q_loss=21.4598  actor_loss=-4.7694  (123 it/s)
[step   129000] value_loss=3.8867  q_loss=18.9393  actor_loss=-4.0460  (128 it/s)
[step   130000] value_loss=3.7374  q_loss=50.1328  actor_loss=-3.0534  (136 it/s)
[step   131000] value_loss=3.9337  q_loss=25.9051  actor_loss=0.4202  (127 it/s)
[step   132000] value_loss=1.9803  q_loss=14.9103  actor_loss=-2.2575  (127 it/s)
[step   133000] value_loss=1.9399  q_loss=14.8160  actor_loss=-8.6120  (121 it/s)
[step   134000] value_loss=1.9419  q_loss=24.2898  actor_loss=-7.1117  (120 it/s)
[step   135000] value_loss=1.9045  q_loss=20.4324  actor_loss=-8.8561  (115 it/s)
[step   136000] value_loss=1.3883  q_loss=13.2082  actor_loss=-6.4163  (118 it/s)
[step   137000] value_loss=1.4865  q_loss=11.7181  actor_loss=-5.5836  (117 it/s)
[step   138000] value_loss=3.6092  q_loss=67.4934  actor_loss=-7.6357  (129 it/s)
[step   139000] value_loss=2.5673  q_loss=33.4156  actor_loss=-4.7670  (130 it/s)
[step   140000] value_loss=2.2995  q_loss=63.8293  actor_loss=1.4721  (114 it/s)
[step   141000] value_loss=2.7286  q_loss=17.8401  actor_loss=-6.7449  (117 it/s)
[step   142000] value_loss=1.7621  q_loss=57.0791  actor_loss=-5.0817  (121 it/s)
[step   143000] value_loss=2.3953  q_loss=19.5631  actor_loss=-16.4027  (124 it/s)
[step   144000] value_loss=1.2803  q_loss=9.8742  actor_loss=-0.8657  (139 it/s)
[step   145000] value_loss=2.1988  q_loss=15.9084  actor_loss=-11.4569  (122 it/s)
[step   146000] value_loss=1.3732  q_loss=12.5640  actor_loss=-6.0751  (120 it/s)
[step   147000] value_loss=1.9973  q_loss=13.5700  actor_loss=-5.8817  (120 it/s)
[step   148000] value_loss=2.9867  q_loss=53.5566  actor_loss=-8.4137  (118 it/s)
[step   149000] value_loss=2.7042  q_loss=18.2005  actor_loss=-0.0503  (120 it/s)
[step   150000] value_loss=3.6180  q_loss=30.3342  actor_loss=-8.5519  (117 it/s)
[step   151000] value_loss=3.9990  q_loss=93.1110  actor_loss=-2.6129  (118 it/s)
[step   152000] value_loss=2.5219  q_loss=15.1933  actor_loss=-6.8553  (115 it/s)
[step   153000] value_loss=1.3721  q_loss=50.9388  actor_loss=-9.9120  (110 it/s)
[step   154000] value_loss=1.9977  q_loss=29.4199  actor_loss=-6.8484  (119 it/s)
[step   155000] value_loss=1.9015  q_loss=95.7253  actor_loss=-1.6918  (121 it/s)
[step   156000] value_loss=1.9225  q_loss=11.6126  actor_loss=-2.5573  (120 it/s)
[step   157000] value_loss=2.5515  q_loss=81.1813  actor_loss=-9.5568  (121 it/s)
[step   158000] value_loss=2.6117  q_loss=16.8371  actor_loss=-11.6038  (120 it/s)
[step   159000] value_loss=2.8655  q_loss=16.1245  actor_loss=-4.2901  (125 it/s)
[step   160000] value_loss=4.7540  q_loss=58.3572  actor_loss=-4.5926  (125 it/s)
[step   161000] value_loss=2.7896  q_loss=19.5021  actor_loss=-3.9307  (113 it/s)
[step   162000] value_loss=3.8990  q_loss=94.5939  actor_loss=-5.6235  (115 it/s)
[step   163000] value_loss=1.9088  q_loss=11.3545  actor_loss=-10.2078  (123 it/s)
[step   164000] value_loss=2.3977  q_loss=53.3630  actor_loss=-4.6288  (121 it/s)
[step   165000] value_loss=3.8626  q_loss=14.5570  actor_loss=-2.1659  (121 it/s)
[step   166000] value_loss=1.9290  q_loss=17.8249  actor_loss=-2.2074  (123 it/s)
[step   167000] value_loss=2.5528  q_loss=20.9009  actor_loss=-2.5761  (117 it/s)
[step   168000] value_loss=4.2554  q_loss=24.9634  actor_loss=-5.5029  (128 it/s)
[step   169000] value_loss=1.5589  q_loss=17.6307  actor_loss=-4.8541  (125 it/s)
[step   170000] value_loss=3.3186  q_loss=45.4000  actor_loss=1.6926  (121 it/s)
[step   171000] value_loss=2.1418  q_loss=25.8156  actor_loss=-5.9431  (123 it/s)
[step   172000] value_loss=3.0658  q_loss=20.7628  actor_loss=-0.6392  (125 it/s)
[step   173000] value_loss=3.1224  q_loss=18.4644  actor_loss=-10.1755  (128 it/s)
[step   174000] value_loss=2.4050  q_loss=49.1544  actor_loss=-4.1283  (134 it/s)
[step   175000] value_loss=4.1401  q_loss=54.6886  actor_loss=-1.8875  (124 it/s)
[step   176000] value_loss=4.4394  q_loss=21.2654  actor_loss=2.1924  (134 it/s)
[step   177000] value_loss=9.9047  q_loss=30.4061  actor_loss=-4.1293  (129 it/s)
[step   178000] value_loss=3.0677  q_loss=63.0994  actor_loss=-6.1796  (127 it/s)
[step   179000] value_loss=2.1618  q_loss=19.3594  actor_loss=-10.8735  (119 it/s)
[step   180000] value_loss=2.1289  q_loss=12.4998  actor_loss=-9.1309  (123 it/s)
[step   181000] value_loss=3.9330  q_loss=55.8307  actor_loss=-3.3399  (120 it/s)
[step   182000] value_loss=1.8431  q_loss=15.1139  actor_loss=-7.4716  (117 it/s)
[step   183000] value_loss=2.3192  q_loss=25.4157  actor_loss=-9.2068  (138 it/s)
[step   184000] value_loss=2.2673  q_loss=13.7215  actor_loss=-5.6508  (130 it/s)
[step   185000] value_loss=3.7822  q_loss=39.6095  actor_loss=-5.9057  (123 it/s)
[step   186000] value_loss=2.6471  q_loss=22.5133  actor_loss=-8.5296  (127 it/s)
[step   187000] value_loss=2.9245  q_loss=25.8852  actor_loss=-7.7332  (133 it/s)
[step   188000] value_loss=4.8586  q_loss=61.3734  actor_loss=-4.1168  (131 it/s)
[step   189000] value_loss=3.7469  q_loss=30.4666  actor_loss=-4.9862  (141 it/s)
[step   190000] value_loss=2.6291  q_loss=19.3841  actor_loss=-7.9806  (129 it/s)
[step   191000] value_loss=1.9413  q_loss=18.0086  actor_loss=-6.5494  (122 it/s)
[step   192000] value_loss=5.0756  q_loss=40.4330  actor_loss=-6.6701  (123 it/s)
[step   193000] value_loss=3.8146  q_loss=34.9545  actor_loss=-11.5086  (117 it/s)
[step   194000] value_loss=3.0658  q_loss=15.6349  actor_loss=-9.8566  (118 it/s)
[step   195000] value_loss=3.5093  q_loss=27.0849  actor_loss=-6.2855  (125 it/s)
[step   196000] value_loss=4.5902  q_loss=48.8895  actor_loss=-4.9235  (128 it/s)
[step   197000] value_loss=2.4367  q_loss=27.0885  actor_loss=-9.1168  (124 it/s)
[step   198000] value_loss=3.0757  q_loss=38.5003  actor_loss=-11.9799  (117 it/s)
[step   199000] value_loss=3.0785  q_loss=13.1111  actor_loss=-5.4393  (116 it/s)
[step   200000] value_loss=2.9037  q_loss=26.0428  actor_loss=-5.6209  (121 it/s)
[step   201000] value_loss=2.5404  q_loss=47.0923  actor_loss=-8.5107  (122 it/s)
[step   202000] value_loss=3.0464  q_loss=61.3716  actor_loss=-5.7136  (131 it/s)
[step   203000] value_loss=2.9573  q_loss=29.7132  actor_loss=-9.9716  (136 it/s)
[step   204000] value_loss=2.6648  q_loss=22.1360  actor_loss=-4.2938  (129 it/s)
[step   205000] value_loss=3.8107  q_loss=24.9110  actor_loss=-8.4922  (125 it/s)
[step   206000] value_loss=5.4923  q_loss=25.9526  actor_loss=-7.8872  (135 it/s)
[step   207000] value_loss=2.8246  q_loss=18.5263  actor_loss=-6.0932  (127 it/s)
[step   208000] value_loss=3.3391  q_loss=20.7822  actor_loss=-7.1098  (123 it/s)
[step   209000] value_loss=2.5166  q_loss=18.4939  actor_loss=4.9439  (121 it/s)
[step   210000] value_loss=2.5011  q_loss=20.5576  actor_loss=-6.2602  (123 it/s)
[step   211000] value_loss=4.1361  q_loss=13.2465  actor_loss=-7.5361  (121 it/s)
[step   212000] value_loss=3.6852  q_loss=31.0614  actor_loss=-5.0898  (118 it/s)
[step   213000] value_loss=3.2300  q_loss=28.7044  actor_loss=-3.4700  (121 it/s)
[step   214000] value_loss=3.4096  q_loss=23.0492  actor_loss=0.1849  (128 it/s)
[step   215000] value_loss=2.7861  q_loss=17.1583  actor_loss=-9.0206  (125 it/s)
[step   216000] value_loss=3.1147  q_loss=60.7206  actor_loss=-7.3010  (119 it/s)
[step   217000] value_loss=2.0412  q_loss=30.0028  actor_loss=-8.0050  (122 it/s)
[step   218000] value_loss=3.1772  q_loss=25.5223  actor_loss=-3.5549  (124 it/s)
[step   219000] value_loss=2.2837  q_loss=22.9324  actor_loss=-9.3641  (122 it/s)
[step   220000] value_loss=2.4176  q_loss=59.3927  actor_loss=-4.4019  (126 it/s)
[step   221000] value_loss=3.5455  q_loss=26.8417  actor_loss=-9.1713  (122 it/s)
[step   222000] value_loss=2.3144  q_loss=24.3832  actor_loss=-4.6708  (120 it/s)
[step   223000] value_loss=3.3533  q_loss=30.6670  actor_loss=-5.5744  (121 it/s)
[step   224000] value_loss=3.5911  q_loss=18.3499  actor_loss=-9.7998  (123 it/s)
[step   225000] value_loss=3.3772  q_loss=65.9300  actor_loss=-9.7851  (121 it/s)
[step   226000] value_loss=2.3893  q_loss=29.2259  actor_loss=-4.8034  (120 it/s)
[step   227000] value_loss=2.0305  q_loss=22.2270  actor_loss=-12.9965  (120 it/s)
[step   228000] value_loss=2.2987  q_loss=29.1175  actor_loss=-4.7085  (115 it/s)
[step   229000] value_loss=5.0503  q_loss=51.3298  actor_loss=-6.7838  (118 it/s)
[step   230000] value_loss=2.6586  q_loss=29.6367  actor_loss=-3.5085  (121 it/s)
[step   231000] value_loss=2.6562  q_loss=17.8805  actor_loss=-4.3297  (122 it/s)
[step   232000] value_loss=4.1088  q_loss=14.9197  actor_loss=-1.9026  (134 it/s)
[step   233000] value_loss=4.1734  q_loss=18.6859  actor_loss=-10.6917  (126 it/s)
[step   234000] value_loss=4.7857  q_loss=14.8268  actor_loss=-8.5959  (125 it/s)
[step   235000] value_loss=2.5913  q_loss=74.7117  actor_loss=-8.9060  (122 it/s)
[step   236000] value_loss=3.0339  q_loss=16.7976  actor_loss=-5.3898  (120 it/s)
[step   237000] value_loss=3.1443  q_loss=15.8479  actor_loss=-8.3678  (123 it/s)
[step   238000] value_loss=4.1979  q_loss=32.8609  actor_loss=-8.2054  (117 it/s)
[step   239000] value_loss=2.5063  q_loss=16.6293  actor_loss=-7.2563  (109 it/s)
[step   240000] value_loss=1.4188  q_loss=14.1963  actor_loss=-9.1935  (117 it/s)
[step   241000] value_loss=4.1524  q_loss=22.7548  actor_loss=-5.9828  (134 it/s)
[step   242000] value_loss=4.0903  q_loss=19.7019  actor_loss=-10.6257  (137 it/s)
[step   243000] value_loss=5.6057  q_loss=26.6491  actor_loss=-3.8989  (125 it/s)
[step   244000] value_loss=2.8232  q_loss=25.4349  actor_loss=-6.0532  (124 it/s)
[step   245000] value_loss=2.3722  q_loss=16.5966  actor_loss=-9.1685  (133 it/s)
[step   246000] value_loss=5.1197  q_loss=19.4200  actor_loss=4.0090  (144 it/s)
[step   247000] value_loss=1.9585  q_loss=23.3365  actor_loss=-3.3621  (129 it/s)
[step   248000] value_loss=4.4668  q_loss=16.7488  actor_loss=-11.5468  (130 it/s)
[step   249000] value_loss=6.5230  q_loss=28.1983  actor_loss=-11.1376  (121 it/s)
[step   250000] value_loss=2.8519  q_loss=21.8238  actor_loss=-9.7471  (144 it/s)
[step   251000] value_loss=7.4524  q_loss=37.1992  actor_loss=-1.1195  (133 it/s)
[step   252000] value_loss=2.4457  q_loss=15.9052  actor_loss=-8.9689  (126 it/s)
[step   253000] value_loss=3.3170  q_loss=15.8896  actor_loss=-10.5266  (133 it/s)
[step   254000] value_loss=3.1664  q_loss=19.1015  actor_loss=-10.6483  (136 it/s)
[step   255000] value_loss=3.3641  q_loss=26.9494  actor_loss=-16.2257  (120 it/s)
[step   256000] value_loss=2.9721  q_loss=21.2524  actor_loss=-1.9880  (128 it/s)
[step   257000] value_loss=5.4454  q_loss=25.3696  actor_loss=-3.1612  (124 it/s)
[step   258000] value_loss=3.9335  q_loss=16.4145  actor_loss=-10.8544  (125 it/s)
[step   259000] value_loss=5.7108  q_loss=26.6619  actor_loss=-9.4389  (118 it/s)
[step   260000] value_loss=5.3027  q_loss=35.7783  actor_loss=-13.0006  (117 it/s)
[step   261000] value_loss=1.5860  q_loss=54.9193  actor_loss=-11.4563  (122 it/s)
[step   262000] value_loss=2.3663  q_loss=36.5457  actor_loss=6.7690  (151 it/s)
[step   263000] value_loss=3.5677  q_loss=19.4935  actor_loss=-10.4270  (138 it/s)
[step   264000] value_loss=5.2627  q_loss=20.0681  actor_loss=-7.4542  (133 it/s)
[step   265000] value_loss=2.2425  q_loss=13.2831  actor_loss=-9.9782  (115 it/s)
[step   266000] value_loss=2.9855  q_loss=17.7859  actor_loss=-9.8264  (128 it/s)
[step   267000] value_loss=3.5979  q_loss=38.7424  actor_loss=-5.5677  (117 it/s)
[step   268000] value_loss=4.2912  q_loss=84.0760  actor_loss=-7.5548  (116 it/s)
[step   269000] value_loss=2.0080  q_loss=56.3384  actor_loss=-5.7421  (115 it/s)
[step   270000] value_loss=3.2244  q_loss=19.6631  actor_loss=-3.3965  (113 it/s)
[step   271000] value_loss=4.6469  q_loss=25.9994  actor_loss=-17.2622  (125 it/s)
[step   272000] value_loss=2.3820  q_loss=14.1599  actor_loss=-3.2231  (135 it/s)
[step   273000] value_loss=6.7526  q_loss=24.1658  actor_loss=-6.1878  (124 it/s)
[step   274000] value_loss=2.6806  q_loss=16.2129  actor_loss=-1.2679  (144 it/s)
[step   275000] value_loss=3.8076  q_loss=59.9070  actor_loss=-11.6085  (113 it/s)
[step   276000] value_loss=3.2508  q_loss=56.8006  actor_loss=-3.9349  (118 it/s)
[step   277000] value_loss=2.5212  q_loss=22.9449  actor_loss=-4.3014  (117 it/s)
[step   278000] value_loss=2.6948  q_loss=30.7872  actor_loss=-3.8677  (117 it/s)
[step   279000] value_loss=5.1160  q_loss=31.1661  actor_loss=-10.4896  (110 it/s)
[step   280000] value_loss=3.4492  q_loss=19.2865  actor_loss=-4.6391  (111 it/s)
[step   281000] value_loss=4.0421  q_loss=26.5287  actor_loss=-17.8155  (117 it/s)
[step   282000] value_loss=4.1180  q_loss=20.5283  actor_loss=-4.1810  (121 it/s)
[step   283000] value_loss=5.4247  q_loss=39.1060  actor_loss=-4.7881  (115 it/s)
[step   284000] value_loss=4.3492  q_loss=30.0254  actor_loss=-10.0439  (118 it/s)
[step   285000] value_loss=5.7433  q_loss=54.5718  actor_loss=-9.7092  (121 it/s)
[step   286000] value_loss=3.7677  q_loss=19.2826  actor_loss=-5.3766  (125 it/s)
[step   287000] value_loss=2.2426  q_loss=12.9096  actor_loss=-3.6448  (120 it/s)
[step   288000] value_loss=2.5350  q_loss=20.5258  actor_loss=-6.1342  (125 it/s)
[step   289000] value_loss=6.2184  q_loss=29.6996  actor_loss=-13.3048  (124 it/s)
[step   290000] value_loss=4.6768  q_loss=18.0809  actor_loss=-5.8828  (117 it/s)
[step   291000] value_loss=6.0966  q_loss=38.7188  actor_loss=-0.4064  (122 it/s)
[step   292000] value_loss=3.0083  q_loss=16.4319  actor_loss=-12.9454  (125 it/s)
[step   293000] value_loss=2.6966  q_loss=21.2300  actor_loss=-12.3644  (114 it/s)
[step   294000] value_loss=2.2176  q_loss=66.1901  actor_loss=-3.4493  (120 it/s)
[step   295000] value_loss=2.4825  q_loss=21.3439  actor_loss=-11.6949  (112 it/s)
[step   296000] value_loss=2.3277  q_loss=48.2472  actor_loss=-5.6924  (114 it/s)
[step   297000] value_loss=4.8826  q_loss=32.2074  actor_loss=14.6941  (124 it/s)
[step   298000] value_loss=2.8701  q_loss=15.6144  actor_loss=-10.2115  (126 it/s)
[step   299000] value_loss=3.0642  q_loss=23.4101  actor_loss=-7.5642  (124 it/s)
[step   300000] value_loss=2.8097  q_loss=19.2680  actor_loss=-4.7549  (119 it/s)
--- 학습 완료: 300000 steps, 2376.7s, out=runs/d4_iql_stitch_rc ---
