[f1tenth] datasets=['cap10_full', 'cap15', 'cap20']  ep=702(완주 30/충돌 672)  transitions=591121  obs_dim=133  act_dim=2  terminals=672
           harmonize→v_common=20.0 (수집 v_max={'cap10_full': 10.0, 'cap15': 15.0, 'cap20': 20.0})
           steer[min,max]=[-1.000,1.000]  speed[min,max]=[-1.000,1.000]  reward[min,mean,max]=[-100.00,0.212,100.50]
[norm] mean/std 계산·저장 → runs/t1_cp100_stitch/obs_norm.npz
Dataset size: 591121
--- IQL 학습 시작: datasets=['cap10_full', 'cap15', 'cap20'] N=591121 obs=133 act=2 γ=0.999 β=3.0 τ=0.7 actor=gauss dev=cuda steps[0→300000] ---
[step     1000] value_loss=0.0032  q_loss=0.3797  actor_loss=1.3920  (112 it/s)
[step     2000] value_loss=0.0293  q_loss=40.4509  actor_loss=0.9752  (143 it/s)
[step     3000] value_loss=0.0415  q_loss=1.7318  actor_loss=0.4586  (125 it/s)
[step     4000] value_loss=0.0729  q_loss=2.0814  actor_loss=0.0403  (122 it/s)
[step     5000] value_loss=0.1159  q_loss=8.2982  actor_loss=0.1240  (121 it/s)
[step     6000] value_loss=0.1956  q_loss=3.0393  actor_loss=6.8224  (127 it/s)
[step     7000] value_loss=0.2945  q_loss=47.1047  actor_loss=-1.6823  (117 it/s)
[step     8000] value_loss=0.2049  q_loss=1.6123  actor_loss=-0.9908  (120 it/s)
[step     9000] value_loss=0.5838  q_loss=15.4689  actor_loss=-1.1635  (119 it/s)
[step    10000] value_loss=0.5432  q_loss=4.2342  actor_loss=-2.7238  (115 it/s)
[step    11000] value_loss=1.2686  q_loss=6.2496  actor_loss=-0.7494  (124 it/s)
[step    12000] value_loss=0.5041  q_loss=3.3972  actor_loss=-0.6852  (118 it/s)
[step    13000] value_loss=0.2925  q_loss=8.2245  actor_loss=-3.6403  (121 it/s)
[step    14000] value_loss=0.5534  q_loss=9.9867  actor_loss=1.1777  (115 it/s)
[step    15000] value_loss=0.5941  q_loss=5.9207  actor_loss=-2.3745  (114 it/s)
[step    16000] value_loss=0.2595  q_loss=3.6767  actor_loss=-2.2062  (111 it/s)
[step    17000] value_loss=0.5532  q_loss=5.0314  actor_loss=-1.7934  (127 it/s)
[step    18000] value_loss=0.4934  q_loss=5.3663  actor_loss=-1.1355  (133 it/s)
[step    19000] value_loss=0.5801  q_loss=6.3230  actor_loss=-0.3633  (116 it/s)
[step    20000] value_loss=1.7260  q_loss=4.5775  actor_loss=0.9874  (117 it/s)
[step    21000] value_loss=0.7706  q_loss=73.5363  actor_loss=-3.2992  (120 it/s)
[step    22000] value_loss=0.6394  q_loss=34.1387  actor_loss=-4.9729  (117 it/s)
[step    23000] value_loss=0.5753  q_loss=13.2896  actor_loss=-4.1293  (117 it/s)
[step    24000] value_loss=0.4071  q_loss=4.9029  actor_loss=-3.7565  (114 it/s)
[step    25000] value_loss=0.5731  q_loss=8.5388  actor_loss=-2.0803  (117 it/s)
[step    26000] value_loss=1.8817  q_loss=96.8328  actor_loss=-2.2012  (112 it/s)
[step    27000] value_loss=0.5926  q_loss=7.6229  actor_loss=-3.4260  (127 it/s)
[step    28000] value_loss=0.8935  q_loss=17.8170  actor_loss=-0.9701  (126 it/s)
[step    29000] value_loss=1.0452  q_loss=6.9907  actor_loss=-0.7671  (132 it/s)
[step    30000] value_loss=1.0590  q_loss=7.0506  actor_loss=0.9374  (124 it/s)
[step    31000] value_loss=0.5152  q_loss=7.9759  actor_loss=-3.7639  (122 it/s)
[step    32000] value_loss=0.7282  q_loss=6.9598  actor_loss=-1.8721  (121 it/s)
[step    33000] value_loss=0.6964  q_loss=8.0084  actor_loss=-0.1611  (116 it/s)
[step    34000] value_loss=1.2786  q_loss=10.8965  actor_loss=-4.9152  (119 it/s)
[step    35000] value_loss=0.4237  q_loss=6.6871  actor_loss=-3.6614  (129 it/s)
[step    36000] value_loss=0.7366  q_loss=7.6719  actor_loss=-2.1764  (126 it/s)
[step    37000] value_loss=0.5985  q_loss=7.1238  actor_loss=-3.5164  (129 it/s)
[step    38000] value_loss=0.8165  q_loss=14.7084  actor_loss=-4.2858  (124 it/s)
[step    39000] value_loss=0.5651  q_loss=9.8850  actor_loss=-2.3203  (127 it/s)
[step    40000] value_loss=1.0415  q_loss=6.8688  actor_loss=-4.2114  (125 it/s)
[step    41000] value_loss=1.9266  q_loss=15.0081  actor_loss=-2.1245  (124 it/s)
[step    42000] value_loss=1.0298  q_loss=57.7363  actor_loss=-5.8390  (124 it/s)
[step    43000] value_loss=1.2186  q_loss=73.2050  actor_loss=-0.1798  (124 it/s)
[step    44000] value_loss=1.2269  q_loss=45.8600  actor_loss=-4.9281  (122 it/s)
[step    45000] value_loss=0.8276  q_loss=9.5877  actor_loss=-3.1637  (125 it/s)
[step    46000] value_loss=1.0961  q_loss=51.4461  actor_loss=-1.4691  (125 it/s)
[step    47000] value_loss=1.0953  q_loss=7.3654  actor_loss=-5.5505  (119 it/s)
[step    48000] value_loss=1.0278  q_loss=10.2807  actor_loss=-5.1775  (119 it/s)
[step    49000] value_loss=1.7014  q_loss=12.2351  actor_loss=-7.0171  (122 it/s)
[step    50000] value_loss=0.9684  q_loss=10.2574  actor_loss=-2.2317  (127 it/s)
[step    51000] value_loss=1.7292  q_loss=19.5821  actor_loss=-3.8650  (121 it/s)
[step    52000] value_loss=0.8470  q_loss=9.1682  actor_loss=-2.2563  (120 it/s)
[step    53000] value_loss=0.8073  q_loss=10.7453  actor_loss=-1.1399  (121 it/s)
[step    54000] value_loss=1.5192  q_loss=61.8632  actor_loss=-7.3637  (119 it/s)
[step    55000] value_loss=0.9152  q_loss=39.6716  actor_loss=-5.2811  (120 it/s)
[step    56000] value_loss=1.3091  q_loss=16.7951  actor_loss=-7.6182  (118 it/s)
[step    57000] value_loss=2.2230  q_loss=28.7049  actor_loss=-5.3654  (123 it/s)
[step    58000] value_loss=1.6896  q_loss=16.6935  actor_loss=-1.4376  (123 it/s)
[step    59000] value_loss=1.7452  q_loss=54.4795  actor_loss=-2.2960  (120 it/s)
[step    60000] value_loss=1.0603  q_loss=8.7361  actor_loss=-5.7336  (122 it/s)
[step    61000] value_loss=2.0228  q_loss=11.8588  actor_loss=-7.0241  (117 it/s)
[step    62000] value_loss=1.3528  q_loss=11.4790  actor_loss=-3.8460  (118 it/s)
[step    63000] value_loss=2.3291  q_loss=10.4590  actor_loss=-2.2620  (131 it/s)
[step    64000] value_loss=0.8001  q_loss=21.2893  actor_loss=-5.0089  (132 it/s)
[step    65000] value_loss=1.3754  q_loss=10.7967  actor_loss=-9.8173  (131 it/s)
[step    66000] value_loss=1.7796  q_loss=12.6500  actor_loss=-8.4786  (138 it/s)
[step    67000] value_loss=3.1704  q_loss=22.0759  actor_loss=-8.9492  (136 it/s)
[step    68000] value_loss=1.5370  q_loss=39.4119  actor_loss=-7.1818  (124 it/s)
[step    69000] value_loss=1.6765  q_loss=10.2670  actor_loss=-3.6429  (125 it/s)
[step    70000] value_loss=1.6811  q_loss=55.2976  actor_loss=-8.1638  (123 it/s)
[step    71000] value_loss=1.3235  q_loss=17.3304  actor_loss=-5.2251  (114 it/s)
[step    72000] value_loss=1.5921  q_loss=11.2236  actor_loss=6.0782  (119 it/s)
[step    73000] value_loss=1.8480  q_loss=45.8180  actor_loss=-2.5790  (123 it/s)
[step    74000] value_loss=1.6478  q_loss=92.7906  actor_loss=-8.4636  (131 it/s)
[step    75000] value_loss=2.3380  q_loss=14.7534  actor_loss=-3.4273  (123 it/s)
[step    76000] value_loss=1.4328  q_loss=52.2516  actor_loss=-5.7022  (123 it/s)
[step    77000] value_loss=1.4127  q_loss=50.9753  actor_loss=-5.1737  (129 it/s)
[step    78000] value_loss=2.9324  q_loss=17.3017  actor_loss=-1.2991  (119 it/s)
[step    79000] value_loss=1.3294  q_loss=66.8766  actor_loss=-0.4622  (121 it/s)
[step    80000] value_loss=1.1658  q_loss=11.3515  actor_loss=-1.9229  (135 it/s)
[step    81000] value_loss=1.7963  q_loss=11.6261  actor_loss=-6.8119  (128 it/s)
[step    82000] value_loss=2.2256  q_loss=44.8502  actor_loss=-9.9897  (124 it/s)
[step    83000] value_loss=2.6820  q_loss=26.8108  actor_loss=-3.6277  (120 it/s)
[step    84000] value_loss=1.2870  q_loss=26.4294  actor_loss=-4.3662  (124 it/s)
[step    85000] value_loss=1.6612  q_loss=23.1949  actor_loss=-10.6345  (121 it/s)
[step    86000] value_loss=3.2222  q_loss=26.1745  actor_loss=-6.6827  (130 it/s)
[step    87000] value_loss=2.6310  q_loss=49.8039  actor_loss=-11.6772  (127 it/s)
[step    88000] value_loss=2.3532  q_loss=10.2651  actor_loss=-7.9916  (131 it/s)
[step    89000] value_loss=2.9452  q_loss=20.7591  actor_loss=-5.2565  (128 it/s)
[step    90000] value_loss=2.1674  q_loss=24.6802  actor_loss=-5.5934  (131 it/s)
[step    91000] value_loss=2.6894  q_loss=22.4497  actor_loss=-6.0258  (118 it/s)
[step    92000] value_loss=1.5162  q_loss=16.0312  actor_loss=-4.1750  (121 it/s)
[step    93000] value_loss=2.6125  q_loss=34.8105  actor_loss=-16.2152  (123 it/s)
[step    94000] value_loss=2.2618  q_loss=17.2642  actor_loss=-3.9183  (117 it/s)
[step    95000] value_loss=2.9036  q_loss=20.0760  actor_loss=-10.5479  (115 it/s)
[step    96000] value_loss=1.8954  q_loss=18.9973  actor_loss=-7.8546  (116 it/s)
[step    97000] value_loss=2.6283  q_loss=40.3851  actor_loss=-2.7789  (118 it/s)
[step    98000] value_loss=3.0337  q_loss=32.7158  actor_loss=-6.0755  (117 it/s)
[step    99000] value_loss=1.9517  q_loss=17.9128  actor_loss=-3.3461  (117 it/s)
[step   100000] value_loss=1.6388  q_loss=15.4844  actor_loss=-12.9218  (120 it/s)
[step   101000] value_loss=1.3563  q_loss=14.1035  actor_loss=-5.0417  (124 it/s)
[step   102000] value_loss=4.2664  q_loss=33.2964  actor_loss=-15.4293  (125 it/s)
[step   103000] value_loss=3.1224  q_loss=22.3267  actor_loss=-3.8232  (122 it/s)
[step   104000] value_loss=2.3360  q_loss=24.6887  actor_loss=-10.2685  (119 it/s)
[step   105000] value_loss=2.4072  q_loss=55.7615  actor_loss=-3.8970  (112 it/s)
[step   106000] value_loss=2.5678  q_loss=13.4535  actor_loss=-6.1400  (128 it/s)
[step   107000] value_loss=4.7339  q_loss=26.3482  actor_loss=-11.4973  (123 it/s)
[step   108000] value_loss=1.1770  q_loss=19.4784  actor_loss=-7.9386  (122 it/s)
[step   109000] value_loss=1.7527  q_loss=10.2901  actor_loss=-10.1513  (116 it/s)
[step   110000] value_loss=1.4158  q_loss=33.9779  actor_loss=-5.4720  (113 it/s)
[step   111000] value_loss=1.7887  q_loss=15.4436  actor_loss=-7.6877  (121 it/s)
[step   112000] value_loss=2.1143  q_loss=112.7143  actor_loss=-4.5363  (129 it/s)
[step   113000] value_loss=5.2856  q_loss=31.6238  actor_loss=-8.4685  (127 it/s)
[step   114000] value_loss=1.9583  q_loss=18.1561  actor_loss=-7.5738  (123 it/s)
[step   115000] value_loss=2.1245  q_loss=22.1180  actor_loss=-12.5540  (114 it/s)
[step   116000] value_loss=1.1355  q_loss=17.1156  actor_loss=-12.3603  (113 it/s)
[step   117000] value_loss=1.5932  q_loss=17.6264  actor_loss=-11.5843  (121 it/s)
[step   118000] value_loss=4.6752  q_loss=64.5072  actor_loss=-5.4946  (117 it/s)
[step   119000] value_loss=2.3441  q_loss=25.0348  actor_loss=-3.3100  (124 it/s)
[step   120000] value_loss=2.3948  q_loss=12.3819  actor_loss=-8.1518  (124 it/s)
[step   121000] value_loss=3.3729  q_loss=26.4021  actor_loss=-8.4143  (115 it/s)
[step   122000] value_loss=1.4210  q_loss=14.3799  actor_loss=-9.9811  (114 it/s)
[step   123000] value_loss=1.1974  q_loss=17.5353  actor_loss=-8.9362  (117 it/s)
[step   124000] value_loss=2.0641  q_loss=30.2353  actor_loss=-5.9384  (126 it/s)
[step   125000] value_loss=6.2804  q_loss=32.0429  actor_loss=-10.4735  (129 it/s)
[step   126000] value_loss=1.7957  q_loss=15.6376  actor_loss=-3.9049  (128 it/s)
[step   127000] value_loss=1.7805  q_loss=15.1206  actor_loss=-1.4601  (127 it/s)
[step   128000] value_loss=8.0602  q_loss=74.6053  actor_loss=-6.1540  (123 it/s)
[step   129000] value_loss=1.0503  q_loss=13.3510  actor_loss=-0.5853  (120 it/s)
[step   130000] value_loss=1.8639  q_loss=11.1579  actor_loss=-11.3165  (116 it/s)
[step   131000] value_loss=4.0275  q_loss=29.0071  actor_loss=-1.9864  (130 it/s)
[step   132000] value_loss=1.9579  q_loss=18.6515  actor_loss=-4.3252  (132 it/s)
[step   133000] value_loss=1.8880  q_loss=16.2914  actor_loss=-5.5052  (143 it/s)
[step   134000] value_loss=1.4607  q_loss=25.2968  actor_loss=-8.0768  (136 it/s)
[step   135000] value_loss=3.2810  q_loss=52.8723  actor_loss=-6.6078  (122 it/s)
[step   136000] value_loss=4.3818  q_loss=75.6063  actor_loss=-5.2926  (120 it/s)
[step   137000] value_loss=3.7380  q_loss=36.2950  actor_loss=-8.8831  (117 it/s)
[step   138000] value_loss=3.2153  q_loss=27.4009  actor_loss=-9.4796  (116 it/s)
[step   139000] value_loss=1.8866  q_loss=39.1141  actor_loss=-11.7045  (119 it/s)
[step   140000] value_loss=3.1003  q_loss=20.4981  actor_loss=-6.7194  (121 it/s)
[step   141000] value_loss=2.8693  q_loss=17.6114  actor_loss=-4.8820  (121 it/s)
[step   142000] value_loss=3.2696  q_loss=67.2192  actor_loss=-9.9611  (119 it/s)
[step   143000] value_loss=2.3367  q_loss=16.2007  actor_loss=-1.5296  (119 it/s)
[step   144000] value_loss=2.9865  q_loss=15.2945  actor_loss=-11.6504  (121 it/s)
[step   145000] value_loss=4.2649  q_loss=34.7981  actor_loss=-11.5276  (119 it/s)
[step   146000] value_loss=4.5761  q_loss=73.8820  actor_loss=-9.7419  (117 it/s)
[step   147000] value_loss=3.1938  q_loss=153.3873  actor_loss=-10.3259  (120 it/s)
[step   148000] value_loss=1.9049  q_loss=17.0870  actor_loss=-11.9999  (119 it/s)
[step   149000] value_loss=2.4619  q_loss=29.0950  actor_loss=-8.2297  (127 it/s)
[step   150000] value_loss=3.0088  q_loss=16.7680  actor_loss=-6.7894  (125 it/s)
[step   151000] value_loss=1.8189  q_loss=12.1685  actor_loss=-9.4036  (125 it/s)
[step   152000] value_loss=5.4000  q_loss=88.1750  actor_loss=-3.6067  (128 it/s)
[step   153000] value_loss=3.2677  q_loss=30.7418  actor_loss=-4.5190  (130 it/s)
[step   154000] value_loss=3.2343  q_loss=28.7769  actor_loss=-16.4604  (124 it/s)
[step   155000] value_loss=3.3369  q_loss=12.9024  actor_loss=-2.8078  (119 it/s)
[step   156000] value_loss=3.8100  q_loss=34.7948  actor_loss=-4.6635  (121 it/s)
[step   157000] value_loss=2.3082  q_loss=19.9967  actor_loss=-8.4124  (127 it/s)
[step   158000] value_loss=4.6799  q_loss=29.5530  actor_loss=-12.3021  (119 it/s)
[step   159000] value_loss=2.4455  q_loss=12.8936  actor_loss=-7.1610  (119 it/s)
[step   160000] value_loss=3.6696  q_loss=29.0331  actor_loss=-6.9721  (118 it/s)
[step   161000] value_loss=7.4115  q_loss=28.2122  actor_loss=-6.7461  (123 it/s)
[step   162000] value_loss=3.8577  q_loss=17.6290  actor_loss=-9.4380  (119 it/s)
[step   163000] value_loss=4.8959  q_loss=45.9493  actor_loss=-10.1445  (120 it/s)
[step   164000] value_loss=2.5236  q_loss=19.6666  actor_loss=-10.2841  (117 it/s)
[step   165000] value_loss=5.7694  q_loss=18.1784  actor_loss=-10.0687  (119 it/s)
[step   166000] value_loss=3.0567  q_loss=21.6100  actor_loss=-3.8333  (121 it/s)
[step   167000] value_loss=3.4480  q_loss=15.1466  actor_loss=-12.3427  (124 it/s)
[step   168000] value_loss=2.2435  q_loss=15.8423  actor_loss=-9.8785  (117 it/s)
[step   169000] value_loss=5.7924  q_loss=17.5428  actor_loss=-10.6994  (119 it/s)
[step   170000] value_loss=2.8171  q_loss=18.6609  actor_loss=-2.5777  (123 it/s)
[step   171000] value_loss=3.6245  q_loss=14.8988  actor_loss=-8.9443  (123 it/s)
[step   172000] value_loss=2.4937  q_loss=49.4389  actor_loss=-6.6613  (118 it/s)
[step   173000] value_loss=2.7207  q_loss=16.3266  actor_loss=-7.2127  (131 it/s)
[step   174000] value_loss=3.0079  q_loss=53.1790  actor_loss=-7.1412  (139 it/s)
[step   175000] value_loss=2.6956  q_loss=26.5657  actor_loss=-9.9752  (127 it/s)
[step   176000] value_loss=3.9683  q_loss=21.0313  actor_loss=-12.3998  (124 it/s)
[step   177000] value_loss=3.0551  q_loss=18.9531  actor_loss=-7.6002  (123 it/s)
[step   178000] value_loss=3.4974  q_loss=29.1109  actor_loss=-11.3998  (125 it/s)
[step   179000] value_loss=5.5508  q_loss=18.3954  actor_loss=-10.2107  (127 it/s)
[step   180000] value_loss=1.9566  q_loss=16.8423  actor_loss=-18.4411  (119 it/s)
[step   181000] value_loss=2.9996  q_loss=16.6186  actor_loss=-12.1321  (114 it/s)
[step   182000] value_loss=7.7797  q_loss=26.3415  actor_loss=-10.0660  (119 it/s)
[step   183000] value_loss=5.8274  q_loss=26.9160  actor_loss=-14.6927  (123 it/s)
[step   184000] value_loss=3.3832  q_loss=29.3259  actor_loss=-9.6868  (123 it/s)
[step   185000] value_loss=3.7104  q_loss=72.5916  actor_loss=-6.2967  (123 it/s)
[step   186000] value_loss=3.0235  q_loss=54.8207  actor_loss=-8.7540  (119 it/s)
[step   187000] value_loss=2.2407  q_loss=17.3483  actor_loss=-8.7572  (116 it/s)
[step   188000] value_loss=3.1839  q_loss=16.1093  actor_loss=-8.9302  (118 it/s)
[step   189000] value_loss=3.8248  q_loss=28.3374  actor_loss=-7.3921  (116 it/s)
[step   190000] value_loss=2.1008  q_loss=51.3277  actor_loss=-14.3839  (123 it/s)
[step   191000] value_loss=1.7141  q_loss=23.8967  actor_loss=-14.1520  (126 it/s)
[step   192000] value_loss=2.3561  q_loss=21.2307  actor_loss=-9.4035  (132 it/s)
[step   193000] value_loss=2.5172  q_loss=14.9309  actor_loss=-9.1607  (126 it/s)
[step   194000] value_loss=3.6319  q_loss=15.9902  actor_loss=-1.3354  (128 it/s)
[step   195000] value_loss=3.9765  q_loss=21.3020  actor_loss=0.5099  (128 it/s)
[step   196000] value_loss=3.5563  q_loss=26.1251  actor_loss=-5.6415  (124 it/s)
[step   197000] value_loss=3.0526  q_loss=18.5482  actor_loss=-6.2465  (117 it/s)
[step   198000] value_loss=3.5329  q_loss=25.8480  actor_loss=-14.3077  (122 it/s)
[step   199000] value_loss=3.3153  q_loss=168.5257  actor_loss=-3.5254  (120 it/s)
[step   200000] value_loss=4.8081  q_loss=94.0547  actor_loss=-9.9359  (132 it/s)
[step   201000] value_loss=2.5979  q_loss=13.9919  actor_loss=-15.0548  (124 it/s)
[step   202000] value_loss=2.3547  q_loss=15.7029  actor_loss=-4.0908  (138 it/s)
[step   203000] value_loss=2.6068  q_loss=24.4611  actor_loss=-12.4969  (119 it/s)
[step   204000] value_loss=4.1761  q_loss=20.0198  actor_loss=-12.5959  (120 it/s)
[step   205000] value_loss=2.8230  q_loss=18.0751  actor_loss=-9.3600  (119 it/s)
[step   206000] value_loss=2.3410  q_loss=59.6295  actor_loss=-5.8193  (116 it/s)
[step   207000] value_loss=3.3597  q_loss=89.1306  actor_loss=-9.7482  (128 it/s)
[step   208000] value_loss=7.0126  q_loss=19.1578  actor_loss=-15.3597  (120 it/s)
[step   209000] value_loss=3.0422  q_loss=34.4933  actor_loss=-10.0134  (126 it/s)
[step   210000] value_loss=8.7689  q_loss=98.6806  actor_loss=-10.2541  (122 it/s)
[step   211000] value_loss=2.5476  q_loss=13.8237  actor_loss=-14.2234  (118 it/s)
[step   212000] value_loss=4.9045  q_loss=44.2473  actor_loss=-12.6560  (115 it/s)
[step   213000] value_loss=2.2726  q_loss=20.0060  actor_loss=-5.7657  (117 it/s)
[step   214000] value_loss=3.2355  q_loss=24.1479  actor_loss=-9.9497  (117 it/s)
[step   215000] value_loss=2.1316  q_loss=14.7520  actor_loss=-1.9641  (126 it/s)
[step   216000] value_loss=4.2878  q_loss=28.6144  actor_loss=-11.6543  (123 it/s)
[step   217000] value_loss=2.2208  q_loss=13.5607  actor_loss=-11.0566  (121 it/s)
[step   218000] value_loss=2.9861  q_loss=47.6429  actor_loss=-13.5856  (119 it/s)
[step   219000] value_loss=3.2980  q_loss=30.1355  actor_loss=-20.7754  (118 it/s)
[step   220000] value_loss=3.1429  q_loss=29.1270  actor_loss=-1.7427  (119 it/s)
[step   221000] value_loss=4.1128  q_loss=54.8681  actor_loss=-10.5560  (117 it/s)
[step   222000] value_loss=3.3086  q_loss=13.4259  actor_loss=-12.2017  (119 it/s)
[step   223000] value_loss=2.4219  q_loss=20.7161  actor_loss=-8.6362  (131 it/s)
[step   224000] value_loss=3.5858  q_loss=13.8995  actor_loss=-8.8128  (121 it/s)
[step   225000] value_loss=2.9370  q_loss=18.5092  actor_loss=-12.4049  (122 it/s)
[step   226000] value_loss=3.4654  q_loss=23.8838  actor_loss=-7.5893  (121 it/s)
[step   227000] value_loss=7.2316  q_loss=94.6775  actor_loss=-7.5361  (117 it/s)
[step   228000] value_loss=3.8143  q_loss=75.1126  actor_loss=-17.5078  (119 it/s)
[step   229000] value_loss=3.7357  q_loss=24.0052  actor_loss=-12.4887  (122 it/s)
[step   230000] value_loss=1.7244  q_loss=16.2982  actor_loss=-10.1967  (122 it/s)
[step   231000] value_loss=2.8187  q_loss=28.9552  actor_loss=-11.5761  (119 it/s)
[step   232000] value_loss=6.0572  q_loss=47.9873  actor_loss=-9.5053  (114 it/s)
[step   233000] value_loss=2.5360  q_loss=45.9793  actor_loss=-9.4023  (114 it/s)
[step   234000] value_loss=1.9448  q_loss=10.8614  actor_loss=2.3907  (123 it/s)
[step   235000] value_loss=3.2201  q_loss=26.9190  actor_loss=-16.5573  (117 it/s)
[step   236000] value_loss=2.1961  q_loss=14.6876  actor_loss=-9.0642  (122 it/s)
[step   237000] value_loss=3.3764  q_loss=22.5189  actor_loss=-9.7127  (125 it/s)
[step   238000] value_loss=8.1669  q_loss=87.7065  actor_loss=-8.6588  (119 it/s)
[step   239000] value_loss=3.7427  q_loss=38.2244  actor_loss=-8.2139  (119 it/s)
[step   240000] value_loss=3.5925  q_loss=19.6745  actor_loss=-10.8453  (125 it/s)
[step   241000] value_loss=2.9069  q_loss=13.7090  actor_loss=-7.0782  (125 it/s)
[step   242000] value_loss=2.5003  q_loss=27.1622  actor_loss=-13.1526  (121 it/s)
[step   243000] value_loss=3.5258  q_loss=22.7815  actor_loss=-6.4903  (115 it/s)
[step   244000] value_loss=1.6078  q_loss=14.5676  actor_loss=-5.6151  (122 it/s)
[step   245000] value_loss=3.1537  q_loss=16.7141  actor_loss=-12.6866  (120 it/s)
[step   246000] value_loss=2.7591  q_loss=24.9925  actor_loss=-10.2089  (121 it/s)
[step   247000] value_loss=3.7761  q_loss=51.5768  actor_loss=-23.1597  (123 it/s)
[step   248000] value_loss=2.6438  q_loss=20.0572  actor_loss=-15.0777  (124 it/s)
[step   249000] value_loss=2.0396  q_loss=11.6570  actor_loss=-3.2061  (118 it/s)
[step   250000] value_loss=2.7695  q_loss=16.4364  actor_loss=-5.3976  (120 it/s)
[step   251000] value_loss=4.9755  q_loss=38.3596  actor_loss=-11.0954  (121 it/s)
[step   252000] value_loss=5.1101  q_loss=84.5290  actor_loss=-14.5250  (122 it/s)
[step   253000] value_loss=3.4520  q_loss=64.6290  actor_loss=2.5151  (122 it/s)
[step   254000] value_loss=3.3066  q_loss=18.0741  actor_loss=-15.3239  (118 it/s)
[step   255000] value_loss=5.1820  q_loss=23.5215  actor_loss=-6.5789  (116 it/s)
[step   256000] value_loss=2.8125  q_loss=54.9271  actor_loss=-11.1027  (119 it/s)
[step   257000] value_loss=5.7492  q_loss=23.7324  actor_loss=-8.0886  (115 it/s)
[step   258000] value_loss=4.6756  q_loss=62.7336  actor_loss=-6.7592  (130 it/s)
[step   259000] value_loss=3.1026  q_loss=17.1779  actor_loss=-5.1287  (126 it/s)
[step   260000] value_loss=4.0285  q_loss=19.9595  actor_loss=-8.9902  (121 it/s)
[step   261000] value_loss=2.1645  q_loss=15.6103  actor_loss=-9.3370  (119 it/s)
[step   262000] value_loss=3.8333  q_loss=92.2819  actor_loss=-9.8542  (115 it/s)
[step   263000] value_loss=5.3043  q_loss=29.4216  actor_loss=-11.4191  (122 it/s)
[step   264000] value_loss=5.1818  q_loss=13.1313  actor_loss=-8.2429  (123 it/s)
[step   265000] value_loss=2.3665  q_loss=49.4830  actor_loss=-19.5125  (123 it/s)
[step   266000] value_loss=3.4943  q_loss=30.4077  actor_loss=-9.1558  (122 it/s)
[step   267000] value_loss=3.6661  q_loss=16.5653  actor_loss=-7.3806  (124 it/s)
[step   268000] value_loss=4.5564  q_loss=35.8332  actor_loss=-9.9370  (123 it/s)
[step   269000] value_loss=3.8179  q_loss=21.3322  actor_loss=-8.8988  (122 it/s)
[step   270000] value_loss=4.6299  q_loss=27.7046  actor_loss=-9.0242  (129 it/s)
[step   271000] value_loss=4.1516  q_loss=14.9125  actor_loss=-18.2170  (135 it/s)
[step   272000] value_loss=5.7896  q_loss=31.4079  actor_loss=-10.5724  (119 it/s)
[step   273000] value_loss=2.9823  q_loss=17.6744  actor_loss=-10.9704  (122 it/s)
[step   274000] value_loss=4.7574  q_loss=22.7944  actor_loss=-3.9598  (120 it/s)
[step   275000] value_loss=4.3373  q_loss=21.4091  actor_loss=-19.1577  (122 it/s)
[step   276000] value_loss=4.1568  q_loss=22.0732  actor_loss=-7.3027  (117 it/s)
[step   277000] value_loss=6.2953  q_loss=67.6104  actor_loss=-9.9675  (113 it/s)
[step   278000] value_loss=3.8186  q_loss=16.8295  actor_loss=-18.1937  (115 it/s)
[step   279000] value_loss=1.9581  q_loss=18.7865  actor_loss=-6.8643  (119 it/s)
[step   280000] value_loss=3.9540  q_loss=55.6214  actor_loss=-14.1216  (118 it/s)
[step   281000] value_loss=3.4699  q_loss=22.5745  actor_loss=-9.3060  (126 it/s)
[step   282000] value_loss=2.2245  q_loss=23.6952  actor_loss=-6.2910  (120 it/s)
[step   283000] value_loss=5.2694  q_loss=53.7503  actor_loss=-14.1837  (121 it/s)
[step   284000] value_loss=5.0028  q_loss=17.8511  actor_loss=-3.9454  (123 it/s)
[step   285000] value_loss=6.4475  q_loss=22.9876  actor_loss=-9.6281  (119 it/s)
[step   286000] value_loss=4.1248  q_loss=22.0512  actor_loss=-11.9404  (115 it/s)
[step   287000] value_loss=2.4904  q_loss=53.3500  actor_loss=-12.1194  (120 it/s)
[step   288000] value_loss=2.9854  q_loss=18.2337  actor_loss=-18.2332  (122 it/s)
[step   289000] value_loss=6.9634  q_loss=25.0340  actor_loss=-5.8073  (120 it/s)
[step   290000] value_loss=6.7433  q_loss=27.3206  actor_loss=-8.1896  (119 it/s)
[step   291000] value_loss=10.8791  q_loss=24.1110  actor_loss=-9.2889  (115 it/s)
[step   292000] value_loss=4.4368  q_loss=55.9276  actor_loss=-11.6585  (117 it/s)
[step   293000] value_loss=4.2738  q_loss=60.8662  actor_loss=-5.8883  (122 it/s)
[step   294000] value_loss=2.9242  q_loss=72.9915  actor_loss=-10.4296  (114 it/s)
[step   295000] value_loss=3.3361  q_loss=22.9352  actor_loss=-0.9441  (110 it/s)
[step   296000] value_loss=3.3135  q_loss=27.2050  actor_loss=-17.3170  (119 it/s)
[step   297000] value_loss=2.5854  q_loss=13.7058  actor_loss=-3.8299  (114 it/s)
[step   298000] value_loss=4.5359  q_loss=28.8376  actor_loss=-17.2990  (115 it/s)
[step   299000] value_loss=2.7160  q_loss=20.7450  actor_loss=-3.5423  (117 it/s)
[step   300000] value_loss=5.2307  q_loss=40.7349  actor_loss=-7.8175  (118 it/s)
--- 학습 완료: 300000 steps, 2468.1s, out=runs/t1_cp100_stitch ---
